{"E:\\practo_refactored\\src\\test\\user.spec.js":{"path":"E:\\practo_refactored\\src\\test\\user.spec.js","statementMap":{"0":{"start":{"line":3,"column":0},"end":{"line":5,"column":3}},"1":{"start":{"line":6,"column":0},"end":{"line":6,"column":25}},"2":{"start":{"line":8,"column":12},"end":{"line":8,"column":52}},"3":{"start":{"line":10,"column":16},"end":{"line":10,"column":60}},"4":{"start":{"line":12,"column":13},"end":{"line":12,"column":56}},"5":{"start":{"line":14,"column":16},"end":{"line":14,"column":61}},"6":{"start":{"line":16,"column":39},"end":{"line":16,"column":93}},"7":{"start":{"line":18,"column":49},"end":{"line":18,"column":96}},"8":{"start":{"line":18,"column":84},"end":{"line":18,"column":96}},"9":{"start":{"line":18,"column":121},"end":{"line":18,"column":134}},"10":{"start":{"line":18,"column":159},"end":{"line":18,"column":172}},"11":{"start":{"line":18,"column":174},"end":{"line":18,"column":309}},"12":{"start":{"line":18,"column":234},"end":{"line":18,"column":292}},"13":{"start":{"line":20,"column":53},"end":{"line":20,"column":111}},"14":{"start":{"line":20,"column":98},"end":{"line":20,"column":109}},"15":{"start":{"line":20,"column":112},"end":{"line":20,"column":214}},"16":{"start":{"line":20,"column":188},"end":{"line":20,"column":212}},"17":{"start":{"line":20,"column":227},"end":{"line":20,"column":264}},"18":{"start":{"line":20,"column":266},"end":{"line":20,"column":321}},"19":{"start":{"line":20,"column":297},"end":{"line":20,"column":319}},"20":{"start":{"line":20,"column":335},"end":{"line":20,"column":337}},"21":{"start":{"line":20,"column":367},"end":{"line":20,"column":423}},"22":{"start":{"line":20,"column":425},"end":{"line":20,"column":726}},"23":{"start":{"line":20,"column":448},"end":{"line":20,"column":724}},"24":{"start":{"line":20,"column":534},"end":{"line":20,"column":606}},"25":{"start":{"line":20,"column":608},"end":{"line":20,"column":722}},"26":{"start":{"line":20,"column":646},"end":{"line":20,"column":687}},"27":{"start":{"line":20,"column":697},"end":{"line":20,"column":720}},"28":{"start":{"line":20,"column":727},"end":{"line":20,"column":748}},"29":{"start":{"line":20,"column":749},"end":{"line":20,"column":787}},"30":{"start":{"line":20,"column":762},"end":{"line":20,"column":785}},"31":{"start":{"line":20,"column":788},"end":{"line":20,"column":802}},"32":{"start":{"line":22,"column":0},"end":{"line":22,"column":37}},"33":{"start":{"line":24,"column":0},"end":{"line":24,"column":23}},"34":{"start":{"line":26,"column":21},"end":{"line":41,"column":1}},"35":{"start":{"line":27,"column":2},"end":{"line":40,"column":5}},"36":{"start":{"line":28,"column":4},"end":{"line":33,"column":7}},"37":{"start":{"line":29,"column":6},"end":{"line":32,"column":9}},"38":{"start":{"line":30,"column":8},"end":{"line":30,"column":56}},"39":{"start":{"line":31,"column":8},"end":{"line":31,"column":15}},"40":{"start":{"line":34,"column":4},"end":{"line":39,"column":7}},"41":{"start":{"line":35,"column":6},"end":{"line":38,"column":9}},"42":{"start":{"line":36,"column":8},"end":{"line":36,"column":56}},"43":{"start":{"line":37,"column":8},"end":{"line":37,"column":15}},"44":{"start":{"line":43,"column":15},"end":{"line":43,"column":27}},"45":{"start":{"line":44,"column":0},"end":{"line":44,"column":27}}},"fnMap":{"0":{"name":"_interopRequireDefault","decl":{"start":{"line":16,"column":9},"end":{"line":16,"column":31}},"loc":{"start":{"line":16,"column":37},"end":{"line":16,"column":95}},"line":16},"1":{"name":"_getRequireWildcardCache","decl":{"start":{"line":18,"column":9},"end":{"line":18,"column":33}},"loc":{"start":{"line":18,"column":47},"end":{"line":18,"column":311}},"line":18},"2":{"name":"(anonymous_2)","decl":{"start":{"line":18,"column":209},"end":{"line":18,"column":210}},"loc":{"start":{"line":18,"column":232},"end":{"line":18,"column":294}},"line":18},"3":{"name":"_interopRequireWildcard","decl":{"start":{"line":20,"column":9},"end":{"line":20,"column":32}},"loc":{"start":{"line":20,"column":51},"end":{"line":20,"column":804}},"line":20},"4":{"name":"(anonymous_4)","decl":{"start":{"line":26,"column":21},"end":{"line":26,"column":22}},"loc":{"start":{"line":26,"column":27},"end":{"line":41,"column":1}},"line":26},"5":{"name":"(anonymous_5)","decl":{"start":{"line":27,"column":44},"end":{"line":27,"column":45}},"loc":{"start":{"line":27,"column":50},"end":{"line":40,"column":3}},"line":27},"6":{"name":"(anonymous_6)","decl":{"start":{"line":28,"column":48},"end":{"line":28,"column":49}},"loc":{"start":{"line":28,"column":56},"end":{"line":33,"column":5}},"line":28},"7":{"name":"(anonymous_7)","decl":{"start":{"line":29,"column":113},"end":{"line":29,"column":114}},"loc":{"start":{"line":29,"column":127},"end":{"line":32,"column":7}},"line":29},"8":{"name":"(anonymous_8)","decl":{"start":{"line":34,"column":48},"end":{"line":34,"column":49}},"loc":{"start":{"line":34,"column":56},"end":{"line":39,"column":5}},"line":34},"9":{"name":"(anonymous_9)","decl":{"start":{"line":35,"column":113},"end":{"line":35,"column":114}},"loc":{"start":{"line":35,"column":127},"end":{"line":38,"column":7}},"line":35}},"branchMap":{"0":{"loc":{"start":{"line":16,"column":46},"end":{"line":16,"column":92}},"type":"cond-expr","locations":[{"start":{"line":16,"column":70},"end":{"line":16,"column":73}},{"start":{"line":16,"column":76},"end":{"line":16,"column":92}}],"line":16},"1":{"loc":{"start":{"line":16,"column":46},"end":{"line":16,"column":67}},"type":"binary-expr","locations":[{"start":{"line":16,"column":46},"end":{"line":16,"column":49}},{"start":{"line":16,"column":53},"end":{"line":16,"column":67}}],"line":16},"2":{"loc":{"start":{"line":18,"column":49},"end":{"line":18,"column":96}},"type":"if","locations":[{"start":{"line":18,"column":49},"end":{"line":18,"column":96}},{"start":{"line":18,"column":49},"end":{"line":18,"column":96}}],"line":18},"3":{"loc":{"start":{"line":18,"column":241},"end":{"line":18,"column":291}},"type":"cond-expr","locations":[{"start":{"line":18,"column":255},"end":{"line":18,"column":271}},{"start":{"line":18,"column":274},"end":{"line":18,"column":291}}],"line":18},"4":{"loc":{"start":{"line":20,"column":53},"end":{"line":20,"column":111}},"type":"if","locations":[{"start":{"line":20,"column":53},"end":{"line":20,"column":111}},{"start":{"line":20,"column":53},"end":{"line":20,"column":111}}],"line":20},"5":{"loc":{"start":{"line":20,"column":57},"end":{"line":20,"column":94}},"type":"binary-expr","locations":[{"start":{"line":20,"column":57},"end":{"line":20,"column":69}},{"start":{"line":20,"column":73},"end":{"line":20,"column":76}},{"start":{"line":20,"column":80},"end":{"line":20,"column":94}}],"line":20},"6":{"loc":{"start":{"line":20,"column":112},"end":{"line":20,"column":214}},"type":"if","locations":[{"start":{"line":20,"column":112},"end":{"line":20,"column":214}},{"start":{"line":20,"column":112},"end":{"line":20,"column":214}}],"line":20},"7":{"loc":{"start":{"line":20,"column":116},"end":{"line":20,"column":184}},"type":"binary-expr","locations":[{"start":{"line":20,"column":116},"end":{"line":20,"column":128}},{"start":{"line":20,"column":132},"end":{"line":20,"column":155}},{"start":{"line":20,"column":159},"end":{"line":20,"column":184}}],"line":20},"8":{"loc":{"start":{"line":20,"column":266},"end":{"line":20,"column":321}},"type":"if","locations":[{"start":{"line":20,"column":266},"end":{"line":20,"column":321}},{"start":{"line":20,"column":266},"end":{"line":20,"column":321}}],"line":20},"9":{"loc":{"start":{"line":20,"column":270},"end":{"line":20,"column":293}},"type":"binary-expr","locations":[{"start":{"line":20,"column":270},"end":{"line":20,"column":275}},{"start":{"line":20,"column":279},"end":{"line":20,"column":293}}],"line":20},"10":{"loc":{"start":{"line":20,"column":367},"end":{"line":20,"column":423}},"type":"binary-expr","locations":[{"start":{"line":20,"column":367},"end":{"line":20,"column":388}},{"start":{"line":20,"column":392},"end":{"line":20,"column":423}}],"line":20},"11":{"loc":{"start":{"line":20,"column":448},"end":{"line":20,"column":724}},"type":"if","locations":[{"start":{"line":20,"column":448},"end":{"line":20,"column":724}},{"start":{"line":20,"column":448},"end":{"line":20,"column":724}}],"line":20},"12":{"loc":{"start":{"line":20,"column":452},"end":{"line":20,"column":519}},"type":"binary-expr","locations":[{"start":{"line":20,"column":452},"end":{"line":20,"column":469}},{"start":{"line":20,"column":473},"end":{"line":20,"column":519}}],"line":20},"13":{"loc":{"start":{"line":20,"column":534},"end":{"line":20,"column":606}},"type":"cond-expr","locations":[{"start":{"line":20,"column":558},"end":{"line":20,"column":599}},{"start":{"line":20,"column":602},"end":{"line":20,"column":606}}],"line":20},"14":{"loc":{"start":{"line":20,"column":608},"end":{"line":20,"column":722}},"type":"if","locations":[{"start":{"line":20,"column":608},"end":{"line":20,"column":722}},{"start":{"line":20,"column":608},"end":{"line":20,"column":722}}],"line":20},"15":{"loc":{"start":{"line":20,"column":612},"end":{"line":20,"column":642}},"type":"binary-expr","locations":[{"start":{"line":20,"column":612},"end":{"line":20,"column":616}},{"start":{"line":20,"column":621},"end":{"line":20,"column":629}},{"start":{"line":20,"column":633},"end":{"line":20,"column":641}}],"line":20},"16":{"loc":{"start":{"line":20,"column":749},"end":{"line":20,"column":787}},"type":"if","locations":[{"start":{"line":20,"column":749},"end":{"line":20,"column":787}},{"start":{"line":20,"column":749},"end":{"line":20,"column":787}}],"line":20}},"s":{"0":1,"1":1,"2":1,"3":1,"4":1,"5":1,"6":3,"7":1,"8":0,"9":1,"10":1,"11":1,"12":1,"13":1,"14":0,"15":1,"16":0,"17":1,"18":1,"19":0,"20":1,"21":1,"22":1,"23":10,"24":10,"25":10,"26":0,"27":10,"28":1,"29":1,"30":1,"31":1,"32":1,"33":1,"34":1,"35":1,"36":1,"37":1,"38":1,"39":1,"40":1,"41":1,"42":1,"43":1,"44":1,"45":1},"f":{"0":3,"1":1,"2":1,"3":1,"4":1,"5":1,"6":1,"7":1,"8":1,"9":1},"b":{"0":[2,1],"1":[3,3],"2":[0,1],"3":[0,1],"4":[0,1],"5":[1,1,1],"6":[0,1],"7":[1,1,0],"8":[0,1],"9":[1,1],"10":[1,1],"11":[10,0],"12":[10,10],"13":[10,0],"14":[0,10],"15":[10,10,10],"16":[1,0]},"inputSourceMap":{"version":3,"sources":["user.spec.js"],"names":["chai","use","chaiHttp","should","runUserTests","describe","it","done","request","app","post","send","mockData","userComplete","end","err","res","statusCode","to","equal"],"mappings":";;;;;;;AAAA;;AACA;;AACA;;AACA;;;;;;;;AAEAA,cAAKC,GAAL,CAASC,iBAAT;;AACAF,cAAKG,MAAL;;AAEA,MAAMC,YAAY,GAAG,MAAM;AACzBC,EAAAA,QAAQ,CAAC,+BAAD,EAAkC,MAAM;AAE9CC,IAAAA,EAAE,CAAC,uCAAD,EAA2CC,IAAD,IAAU;AACpDP,oBACGQ,OADH,CACWC,cADX,EAEGC,IAFH,CAEQ,qBAFR,EAGGC,IAHH,CAGQC,kBAASC,YAHjB,EAIGC,GAJH,CAIO,CAACC,GAAD,EAAMC,GAAN,KAAc;AACjB,0BAAOA,GAAG,CAACC,UAAX,EAAuBC,EAAvB,CAA0BC,KAA1B,CAAgC,GAAhC;AACAZ,QAAAA,IAAI;AACL,OAPH;AAQD,KATC,CAAF;AAWAD,IAAAA,EAAE,CAAC,uCAAD,EAA2CC,IAAD,IAAU;AACpDP,oBACGQ,OADH,CACWC,cADX,EAEGC,IAFH,CAEQ,qBAFR,EAGGC,IAHH,CAGQC,kBAASC,YAHjB,EAIGC,GAJH,CAIO,CAACC,GAAD,EAAMC,GAAN,KAAc;AACjB,0BAAOA,GAAG,CAACC,UAAX,EAAuBC,EAAvB,CAA0BC,KAA1B,CAAgC,GAAhC;AACAZ,QAAAA,IAAI;AACL,OAPH;AAQD,KATC,CAAF;AAWD,GAxBO,CAAR;AAyBD,CA1BD;;eA4BeH,Y","sourceRoot":"E:\\practo_refactored\\src\\test\\","sourcesContent":["import chai, { expect } from \"chai\";\r\nimport chaiHttp from \"chai-http\";\r\nimport app from \"../index\";\r\nimport mockData from \"./mockData\";\r\n\r\nchai.use(chaiHttp);\r\nchai.should();\r\n\r\nconst runUserTests = () => {\r\n  describe(\"Create a user account.(POST) \", () => {\r\n\r\n    it(\"Should register a non registered user\", (done) => {\r\n      chai\r\n        .request(app)\r\n        .post(\"/api/v1/auth/signup\")\r\n        .send(mockData.userComplete)\r\n        .end((err, res) => {\r\n          expect(res.statusCode).to.equal(201);\r\n          done();\r\n        });\r\n    });\r\n\r\n    it(\"Should not register a registered user\", (done) => {\r\n      chai\r\n        .request(app)\r\n        .post(\"/api/v1/auth/signup\")\r\n        .send(mockData.userComplete)\r\n        .end((err, res) => {\r\n          expect(res.statusCode).to.equal(409);\r\n          done();\r\n        });\r\n    });\r\n\r\n  });\r\n};\r\n\r\nexport default runUserTests;\r\n"]},"_coverageSchema":"1a1c01bbd47fc00a2c39e90264f33305004495a9","hash":"7e10a9699f55c4b0c4b21baddf9c7f38eef84194","contentHash":"92f1a81c640e5e0813ee521858abfa19645d38b32bf98006e20a8e6a184580dc"},"E:\\practo_refactored\\src\\index.js":{"path":"E:\\practo_refactored\\src\\index.js","statementMap":{"0":{"start":{"line":3,"column":0},"end":{"line":5,"column":3}},"1":{"start":{"line":6,"column":0},"end":{"line":6,"column":25}},"2":{"start":{"line":8,"column":15},"end":{"line":8,"column":57}},"3":{"start":{"line":10,"column":14},"end":{"line":10,"column":55}},"4":{"start":{"line":12,"column":12},"end":{"line":12,"column":51}},"5":{"start":{"line":14,"column":20},"end":{"line":14,"column":76}},"6":{"start":{"line":16,"column":18},"end":{"line":16,"column":72}},"7":{"start":{"line":18,"column":14},"end":{"line":18,"column":69}},"8":{"start":{"line":20,"column":16},"end":{"line":20,"column":69}},"9":{"start":{"line":22,"column":39},"end":{"line":22,"column":93}},"10":{"start":{"line":24,"column":0},"end":{"line":24,"column":27}},"11":{"start":{"line":26,"column":12},"end":{"line":26,"column":35}},"12":{"start":{"line":27,"column":0},"end":{"line":27,"column":30}},"13":{"start":{"line":28,"column":0},"end":{"line":28,"column":33}},"14":{"start":{"line":29,"column":0},"end":{"line":31,"column":4}},"15":{"start":{"line":32,"column":0},"end":{"line":32,"column":43}},"16":{"start":{"line":33,"column":0},"end":{"line":33,"column":38}},"17":{"start":{"line":34,"column":0},"end":{"line":34,"column":42}},"18":{"start":{"line":35,"column":0},"end":{"line":35,"column":40}},"19":{"start":{"line":36,"column":0},"end":{"line":36,"column":25}},"20":{"start":{"line":37,"column":0},"end":{"line":39,"column":3}},"21":{"start":{"line":38,"column":2},"end":{"line":38,"column":76}},"22":{"start":{"line":40,"column":13},"end":{"line":40,"column":37}},"23":{"start":{"line":41,"column":0},"end":{"line":41,"column":65}},"24":{"start":{"line":41,"column":23},"end":{"line":41,"column":63}},"25":{"start":{"line":42,"column":15},"end":{"line":42,"column":18}},"26":{"start":{"line":43,"column":0},"end":{"line":43,"column":27}}},"fnMap":{"0":{"name":"_interopRequireDefault","decl":{"start":{"line":22,"column":9},"end":{"line":22,"column":31}},"loc":{"start":{"line":22,"column":37},"end":{"line":22,"column":95}},"line":22},"1":{"name":"(anonymous_1)","decl":{"start":{"line":37,"column":13},"end":{"line":37,"column":14}},"loc":{"start":{"line":37,"column":27},"end":{"line":39,"column":1}},"line":37},"2":{"name":"(anonymous_2)","decl":{"start":{"line":41,"column":17},"end":{"line":41,"column":18}},"loc":{"start":{"line":41,"column":23},"end":{"line":41,"column":63}},"line":41}},"branchMap":{"0":{"loc":{"start":{"line":22,"column":46},"end":{"line":22,"column":92}},"type":"cond-expr","locations":[{"start":{"line":22,"column":70},"end":{"line":22,"column":73}},{"start":{"line":22,"column":76},"end":{"line":22,"column":92}}],"line":22},"1":{"loc":{"start":{"line":22,"column":46},"end":{"line":22,"column":67}},"type":"binary-expr","locations":[{"start":{"line":22,"column":46},"end":{"line":22,"column":49}},{"start":{"line":22,"column":53},"end":{"line":22,"column":67}}],"line":22},"2":{"loc":{"start":{"line":40,"column":13},"end":{"line":40,"column":37}},"type":"binary-expr","locations":[{"start":{"line":40,"column":13},"end":{"line":40,"column":29}},{"start":{"line":40,"column":33},"end":{"line":40,"column":37}}],"line":40}},"s":{"0":1,"1":1,"2":1,"3":1,"4":1,"5":1,"6":1,"7":1,"8":1,"9":7,"10":1,"11":1,"12":1,"13":1,"14":1,"15":1,"16":1,"17":1,"18":1,"19":1,"20":1,"21":0,"22":1,"23":1,"24":1,"25":1,"26":1},"f":{"0":7,"1":0,"2":1},"b":{"0":[3,4],"1":[7,7],"2":[1,1]},"inputSourceMap":{"version":3,"sources":["index.js"],"names":["require","config","app","use","express","json","urlencoded","extended","static","studentroute","usersroute","logger","req","res","response","port","process","env","PORT","listen","console","log"],"mappings":";;;;;;;AAAA;;AACA;;AACA;;AACA;;AACA;;AACA;;AACA;;;;AAEAA,OAAO,CAAC,QAAD,CAAP,CAAkBC,MAAlB;;AACA,MAAMC,GAAG,GAAG,uBAAZ;AACAA,GAAG,CAACC,GAAJ,CAAQ,oBAAR;AACAD,GAAG,CAACC,GAAJ,CAAQC,iBAAQC,IAAR,EAAR;AACAH,GAAG,CAACC,GAAJ,CAAQC,iBAAQE,UAAR,CAAmB;AAAEC,EAAAA,QAAQ,EAAE;AAAZ,CAAnB,CAAR;AACAL,GAAG,CAACC,GAAJ,CAAQC,iBAAQI,MAAR,CAAe,QAAf,CAAR;AACAN,GAAG,CAACC,GAAJ,CAAQ,qBAAO,MAAP,CAAR;AACAD,GAAG,CAACC,GAAJ,CAAQ,SAAR,EAAmBM,qBAAnB;AACAP,GAAG,CAACC,GAAJ,CAAQ,SAAR,EAAmBO,mBAAnB;AACAR,GAAG,CAACC,GAAJ,CAAQQ,eAAR;AACAT,GAAG,CAACC,GAAJ,CAAQ,GAAR,EAAa,CAACS,GAAD,EAAMC,GAAN,KAAc;AACzBC,oBAASA,QAAT,CAAkBD,GAAlB,EAAuB,GAAvB,EAA4B,OAA5B,EAAqC,oBAArC,EAA2D,IAA3D;AACD,CAFD;AAIA,MAAME,IAAI,GAAGC,OAAO,CAACC,GAAR,CAAYC,IAAZ,IAAoB,IAAjC;AACAhB,GAAG,CAACiB,MAAJ,CAAWJ,IAAX,EAAiB,MAAMK,OAAO,CAACC,GAAR,CAAa,qBAAoBN,IAAK,EAAtC,CAAvB;eAEeb,G","sourceRoot":"E:\\practo_refactored\\src\\","sourcesContent":["import express from 'express';\r\nimport morgan from 'morgan';\r\nimport cors from 'cors';\r\nimport studentroute from './routes/studentroute';\r\nimport usersroute from \"./routes/usersroute\";\r\nimport logger from './middlewares/logger';\r\nimport response from './helpers/response';\r\n\r\nrequire(\"dotenv\").config();\r\nconst app = express();\r\napp.use(cors());\r\napp.use(express.json());\r\napp.use(express.urlencoded({ extended: true }));\r\napp.use(express.static(\"public\"));\r\napp.use(morgan(\"tiny\"));\r\napp.use(\"/api/v1\", studentroute);\r\napp.use(\"/api/v1\", usersroute);\r\napp.use(logger);\r\napp.use(\"*\", (req, res) => {\r\n  response.response(res, 404, \"error\", \"resource not found\", true);\r\n});\r\n\r\nconst port = process.env.PORT || 3000;\r\napp.listen(port, () => console.log(`listening on port ${port}`));\r\n\r\nexport default app;\r\n"]},"_coverageSchema":"1a1c01bbd47fc00a2c39e90264f33305004495a9","hash":"a0b8ccfeb06161bfe081f94f9a577adc4ef772fe","contentHash":"4a29dbcd5cb66bdbbde2e8f8b980b92cef9ce4821904df10099cff8712147538"},"E:\\practo_refactored\\src\\routes\\studentroute.js":{"path":"E:\\practo_refactored\\src\\routes\\studentroute.js","statementMap":{"0":{"start":{"line":3,"column":0},"end":{"line":5,"column":3}},"1":{"start":{"line":6,"column":0},"end":{"line":6,"column":25}},"2":{"start":{"line":8,"column":15},"end":{"line":8,"column":57}},"3":{"start":{"line":10,"column":12},"end":{"line":10,"column":66}},"4":{"start":{"line":12,"column":16},"end":{"line":12,"column":74}},"5":{"start":{"line":14,"column":25},"end":{"line":14,"column":92}},"6":{"start":{"line":16,"column":39},"end":{"line":16,"column":93}},"7":{"start":{"line":18,"column":15},"end":{"line":18,"column":40}},"8":{"start":{"line":26,"column":4},"end":{"line":26,"column":21}},"9":{"start":{"line":27,"column":0},"end":{"line":27,"column":76}},"10":{"start":{"line":28,"column":0},"end":{"line":28,"column":83}},"11":{"start":{"line":29,"column":0},"end":{"line":29,"column":58}},"12":{"start":{"line":30,"column":0},"end":{"line":30,"column":47}},"13":{"start":{"line":31,"column":0},"end":{"line":31,"column":52}},"14":{"start":{"line":32,"column":15},"end":{"line":32,"column":21}},"15":{"start":{"line":33,"column":0},"end":{"line":33,"column":27}}},"fnMap":{"0":{"name":"_interopRequireDefault","decl":{"start":{"line":16,"column":9},"end":{"line":16,"column":31}},"loc":{"start":{"line":16,"column":37},"end":{"line":16,"column":95}},"line":16}},"branchMap":{"0":{"loc":{"start":{"line":16,"column":46},"end":{"line":16,"column":92}},"type":"cond-expr","locations":[{"start":{"line":16,"column":70},"end":{"line":16,"column":73}},{"start":{"line":16,"column":76},"end":{"line":16,"column":92}}],"line":16},"1":{"loc":{"start":{"line":16,"column":46},"end":{"line":16,"column":67}},"type":"binary-expr","locations":[{"start":{"line":16,"column":46},"end":{"line":16,"column":49}},{"start":{"line":16,"column":53},"end":{"line":16,"column":67}}],"line":16}},"s":{"0":1,"1":1,"2":1,"3":1,"4":1,"5":1,"6":4,"7":1,"8":1,"9":1,"10":1,"11":1,"12":1,"13":1,"14":1,"15":1},"f":{"0":4},"b":{"0":[3,1],"1":[4,4]},"inputSourceMap":{"version":3,"sources":["studentroute.js"],"names":["router","express","Router","getAll","postIn","getById","updateById","deleteById","studentsController","post","auth","validateStudent","put","delete","get"],"mappings":";;;;;;;AACA;;AACA;;AACA;;AACA;;;;AACA,MAAMA,MAAM,GAAGC,iBAAQC,MAAR,EAAf;;AACA,MAAM;AAAEC,EAAAA,MAAF;AAAUC,EAAAA,MAAV;AAAkBC,EAAAA,OAAlB;AAA0BC,EAAAA,UAA1B;AAAsCC,EAAAA;AAAtC,IAAqDC,iBAA3D;AAGAR,MAAM,CAACS,IAAP,CAAY,WAAZ,EAAwBC,aAAxB,EAA6BC,0BAA7B,EAA6CP,MAA7C;AACAJ,MAAM,CAACY,GAAP,CAAW,eAAX,EAA2BF,aAA3B,EAAgCC,0BAAhC,EAAgDL,UAAhD;AACAN,MAAM,CAACa,MAAP,CAAc,eAAd,EAA8BH,aAA9B,EAAmCH,UAAnC;AACAP,MAAM,CAACc,GAAP,CAAW,WAAX,EAAuBJ,aAAvB,EAA4BP,MAA5B;AACAH,MAAM,CAACc,GAAP,CAAW,eAAX,EAA2BJ,aAA3B,EAAgCL,OAAhC;eAEeL,M","sourceRoot":"E:\\practo_refactored\\src\\routes\\","sourcesContent":["\r\nimport express from'express';\r\nimport auth from '../middlewares/auth';\r\nimport studentsController from '../controllers/students';\r\nimport validateStudent from '../middlewares/studentvalidation';\r\nconst router = express.Router();\r\nconst { getAll, postIn, getById,updateById, deleteById } = studentsController;\r\n\r\n\r\nrouter.post('/students',auth,validateStudent,postIn);\r\nrouter.put('/students/:id',auth,validateStudent,updateById);\r\nrouter.delete('/students/:id',auth,deleteById);\r\nrouter.get('/students',auth,getAll);\r\nrouter.get('/students/:id',auth,getById);\r\n\r\nexport default router;\r\n"]},"_coverageSchema":"1a1c01bbd47fc00a2c39e90264f33305004495a9","hash":"dd930fc1239b0a9b51280e12e407a31458752f5d","contentHash":"26a023d419abbbb0e3ccbaa58b1649133eaac6e2431ccedaf9aabb2b2f266ac8"},"E:\\practo_refactored\\src\\middlewares\\auth.js":{"path":"E:\\practo_refactored\\src\\middlewares\\auth.js","statementMap":{"0":{"start":{"line":3,"column":0},"end":{"line":5,"column":3}},"1":{"start":{"line":6,"column":0},"end":{"line":6,"column":25}},"2":{"start":{"line":8,"column":20},"end":{"line":8,"column":67}},"3":{"start":{"line":10,"column":16},"end":{"line":10,"column":70}},"4":{"start":{"line":12,"column":39},"end":{"line":12,"column":93}},"5":{"start":{"line":15,"column":16},"end":{"line":15,"column":35}},"6":{"start":{"line":17,"column":2},"end":{"line":19,"column":3}},"7":{"start":{"line":18,"column":4},"end":{"line":18,"column":101}},"8":{"start":{"line":21,"column":2},"end":{"line":28,"column":3}},"9":{"start":{"line":22,"column":20},"end":{"line":22,"column":72}},"10":{"start":{"line":24,"column":4},"end":{"line":24,"column":23}},"11":{"start":{"line":25,"column":4},"end":{"line":25,"column":11}},"12":{"start":{"line":27,"column":4},"end":{"line":27,"column":82}},"13":{"start":{"line":30,"column":2},"end":{"line":30,"column":15}},"14":{"start":{"line":34,"column":15},"end":{"line":34,"column":19}},"15":{"start":{"line":35,"column":0},"end":{"line":35,"column":27}}},"fnMap":{"0":{"name":"_interopRequireDefault","decl":{"start":{"line":12,"column":9},"end":{"line":12,"column":31}},"loc":{"start":{"line":12,"column":37},"end":{"line":12,"column":95}},"line":12},"1":{"name":"auth","decl":{"start":{"line":14,"column":9},"end":{"line":14,"column":13}},"loc":{"start":{"line":14,"column":30},"end":{"line":31,"column":1}},"line":14}},"branchMap":{"0":{"loc":{"start":{"line":12,"column":46},"end":{"line":12,"column":92}},"type":"cond-expr","locations":[{"start":{"line":12,"column":70},"end":{"line":12,"column":73}},{"start":{"line":12,"column":76},"end":{"line":12,"column":92}}],"line":12},"1":{"loc":{"start":{"line":12,"column":46},"end":{"line":12,"column":67}},"type":"binary-expr","locations":[{"start":{"line":12,"column":46},"end":{"line":12,"column":49}},{"start":{"line":12,"column":53},"end":{"line":12,"column":67}}],"line":12},"2":{"loc":{"start":{"line":17,"column":2},"end":{"line":19,"column":3}},"type":"if","locations":[{"start":{"line":17,"column":2},"end":{"line":19,"column":3}},{"start":{"line":17,"column":2},"end":{"line":19,"column":3}}],"line":17}},"s":{"0":1,"1":1,"2":1,"3":1,"4":2,"5":0,"6":0,"7":0,"8":0,"9":0,"10":0,"11":0,"12":0,"13":0,"14":1,"15":1},"f":{"0":2,"1":0},"b":{"0":[0,2],"1":[2,2],"2":[0,0]},"inputSourceMap":{"version":3,"sources":["auth.js"],"names":["auth","req","res","next","token","header","response","decoded","jwt","verify","process","env","JWT","user","ex"],"mappings":";;;;;;;AAAA;;AACA;;;;AAGA,SAASA,IAAT,CAAcC,GAAd,EAAmBC,GAAnB,EAAwBC,IAAxB,EAA8B;AAC5B,QAAMC,KAAK,GAAGH,GAAG,CAACI,MAAJ,CAAW,OAAX,CAAd;;AACA,MAAI,CAACD,KAAL,EAAY;AACV,WAAOE,kBAASA,QAAT,CACLJ,GADK,EAEL,GAFK,EAGL,OAHK,EAIL,oCAJK,EAKL,IALK,CAAP;AAOD;;AACD,MAAI;AACF,UAAMK,OAAO,GAAGC,sBAAIC,MAAJ,CAAWL,KAAX,EAAkBM,OAAO,CAACC,GAAR,CAAYC,GAA9B,CAAhB;;AACAX,IAAAA,GAAG,CAACY,IAAJ,GAAWN,OAAX;AACAJ,IAAAA,IAAI;AACL,GAJD,CAIE,OAAOW,EAAP,EAAW;AACX,WAAOR,kBAASA,QAAT,CAAkBJ,GAAlB,EAAuB,GAAvB,EAA4B,OAA5B,EAAqC,iBAArC,EAAwD,IAAxD,CAAP;AACD;;AACD,SAAOE,KAAP;AACD;;AAAA;eAEcJ,I","sourceRoot":"E:\\practo_refactored\\src\\middlewares\\","sourcesContent":["import jwt from 'jsonwebtoken';\r\nimport response from '../helpers/response';\r\n\r\n\r\nfunction auth(req, res, next) {\r\n  const token = req.header(\"token\");\r\n  if (!token) {\r\n    return response.response(\r\n      res,\r\n      401,\r\n      \"error\",\r\n      \"Access denied, no token provided..\",\r\n      true\r\n    );\r\n  }\r\n  try {\r\n    const decoded = jwt.verify(token, process.env.JWT);\r\n    req.user = decoded;\r\n    next();\r\n  } catch (ex) {\r\n    return response.response(res, 401, \"error\", \"invalid token..\", true);\r\n  }\r\n  return token;\r\n};\r\n\r\nexport default auth;\r\n"]},"_coverageSchema":"1a1c01bbd47fc00a2c39e90264f33305004495a9","hash":"4fd1c8777a53935fa12a470feb8401045e5590ff","contentHash":"01456d04fd1be06e1a7951b3000113a9cff12877fddacc42b58f42ffd286af80"},"E:\\practo_refactored\\src\\helpers\\response.js":{"path":"E:\\practo_refactored\\src\\helpers\\response.js","statementMap":{"0":{"start":{"line":3,"column":0},"end":{"line":34,"column":2}},"1":{"start":{"line":5,"column":4},"end":{"line":10,"column":5}},"2":{"start":{"line":6,"column":6},"end":{"line":9,"column":9}},"3":{"start":{"line":12,"column":4},"end":{"line":16,"column":7}},"4":{"start":{"line":20,"column":4},"end":{"line":23,"column":7}},"5":{"start":{"line":27,"column":4},"end":{"line":31,"column":7}}},"fnMap":{"0":{"name":"(anonymous_0)","decl":{"start":{"line":4,"column":2},"end":{"line":4,"column":3}},"loc":{"start":{"line":4,"column":62},"end":{"line":17,"column":3}},"line":4},"1":{"name":"(anonymous_1)","decl":{"start":{"line":19,"column":2},"end":{"line":19,"column":3}},"loc":{"start":{"line":19,"column":41},"end":{"line":24,"column":3}},"line":19},"2":{"name":"(anonymous_2)","decl":{"start":{"line":26,"column":2},"end":{"line":26,"column":3}},"loc":{"start":{"line":26,"column":49},"end":{"line":32,"column":3}},"line":26}},"branchMap":{"0":{"loc":{"start":{"line":4,"column":47},"end":{"line":4,"column":60}},"type":"default-arg","locations":[{"start":{"line":4,"column":55},"end":{"line":4,"column":60}}],"line":4},"1":{"loc":{"start":{"line":5,"column":4},"end":{"line":10,"column":5}},"type":"if","locations":[{"start":{"line":5,"column":4},"end":{"line":10,"column":5}},{"start":{"line":5,"column":4},"end":{"line":10,"column":5}}],"line":5}},"s":{"0":1,"1":0,"2":0,"3":0,"4":1,"5":1},"f":{"0":0,"1":1,"2":1},"b":{"0":[0],"1":[0,0]},"inputSourceMap":{"version":3,"sources":["response.js"],"names":["module","exports","Response","response","res","statusCode","mess","data","error","status","json","message","errorResponse","msg","successResponse"],"mappings":";;AAAAA,MAAM,CAACC,OAAP,GAAiB,MAAMC,QAAN,CAAe;AACf,SAARC,QAAQ,CAACC,GAAD,EAAMC,UAAN,EAAkBC,IAAlB,EAAwBC,IAAxB,EAA8BC,KAAK,GAAG,KAAtC,EAA6C;AAC1D,QAAIA,KAAJ,EAAW;AACT,aAAOJ,GAAG,CAACK,MAAJ,CAAWJ,UAAX,EAAuBK,IAAvB,CAA4B;AACjCD,QAAAA,MAAM,EAAEJ,UADyB;AAEjCG,QAAAA,KAAK,EAAED;AAF0B,OAA5B,CAAP;AAID;;AACD,WAAOH,GAAG,CAACK,MAAJ,CAAWJ,UAAX,EAAuBK,IAAvB,CAA4B;AACjCD,MAAAA,MAAM,EAAEJ,UADyB;AAEjCM,MAAAA,OAAO,EAAEL,IAFwB;AAGjCC,MAAAA;AAHiC,KAA5B,CAAP;AAKD;;AAEmB,SAAbK,aAAa,CAACR,GAAD,EAAKS,GAAL,EAASJ,MAAT,EAAgB;AAClC,WAAOL,GAAG,CAACK,MAAJ,CAAWA,MAAX,EAAmBC,IAAnB,CAAwB;AAC7BD,MAAAA,MAD6B;AAE7BD,MAAAA,KAAK,EAACK;AAFuB,KAAxB,CAAP;AAID;;AAEqB,SAAfC,eAAe,CAACV,GAAD,EAAKK,MAAL,EAAYI,GAAZ,EAAgBN,IAAhB,EAAqB;AACzC,WAAOH,GAAG,CAACK,MAAJ,CAAWA,MAAX,EAAmBC,IAAnB,CAAwB;AAC7BD,MAAAA,MAD6B;AAE7BE,MAAAA,OAAO,EAAEE,GAFoB;AAG7BN,MAAAA;AAH6B,KAAxB,CAAP;AAKD;;AA5B6B,CAAhC,C,CA8BA","sourceRoot":"E:\\practo_refactored\\src\\helpers\\","sourcesContent":["module.exports = class Response {\r\n  static response(res, statusCode, mess, data, error = false) {\r\n    if (error) {\r\n      return res.status(statusCode).json({\r\n        status: statusCode,\r\n        error: data,\r\n      });\r\n    }\r\n    return res.status(statusCode).json({\r\n      status: statusCode,\r\n      message: mess,\r\n      data,\r\n    });\r\n  }\r\n\r\n  static errorResponse(res,msg,status){\r\n    return res.status(status).json({\r\n      status,\r\n      error:msg,\r\n    })\r\n  }\r\n\r\n  static successResponse(res,status,msg,data){\r\n    return res.status(status).json({\r\n      status,\r\n      message: msg,\r\n      data,\r\n    })\r\n  }\r\n};\r\n// export default Responding;\r\n"]},"_coverageSchema":"1a1c01bbd47fc00a2c39e90264f33305004495a9","hash":"830039a5dfe95500a7cef5a8bbb3715a65ce5b31","contentHash":"bf520b39b22125796942615889bf9d2609c868042cb26b5b39fc5221be99f666"},"E:\\practo_refactored\\src\\controllers\\students.js":{"path":"E:\\practo_refactored\\src\\controllers\\students.js","statementMap":{"0":{"start":{"line":3,"column":0},"end":{"line":5,"column":3}},"1":{"start":{"line":6,"column":0},"end":{"line":6,"column":25}},"2":{"start":{"line":8,"column":15},"end":{"line":8,"column":57}},"3":{"start":{"line":10,"column":25},"end":{"line":10,"column":92}},"4":{"start":{"line":12,"column":16},"end":{"line":12,"column":71}},"5":{"start":{"line":14,"column":16},"end":{"line":14,"column":70}},"6":{"start":{"line":16,"column":39},"end":{"line":16,"column":93}},"7":{"start":{"line":20,"column":0},"end":{"line":20,"column":27}},"8":{"start":{"line":25,"column":4},"end":{"line":37,"column":5}},"9":{"start":{"line":26,"column":26},"end":{"line":26,"column":65}},"10":{"start":{"line":27,"column":6},"end":{"line":27,"column":53}},"11":{"start":{"line":29,"column":6},"end":{"line":32,"column":7}},"12":{"start":{"line":30,"column":21},"end":{"line":30,"column":25}},"13":{"start":{"line":31,"column":8},"end":{"line":31,"column":89}},"14":{"start":{"line":34,"column":6},"end":{"line":34,"column":90}},"15":{"start":{"line":36,"column":6},"end":{"line":36,"column":70}},"16":{"start":{"line":41,"column":4},"end":{"line":48,"column":5}},"17":{"start":{"line":42,"column":25},"end":{"line":42,"column":72}},"18":{"start":{"line":43,"column":6},"end":{"line":45,"column":9}},"19":{"start":{"line":47,"column":6},"end":{"line":47,"column":70}},"20":{"start":{"line":52,"column":4},"end":{"line":63,"column":5}},"21":{"start":{"line":53,"column":22},"end":{"line":53,"column":76}},"22":{"start":{"line":55,"column":6},"end":{"line":58,"column":7}},"23":{"start":{"line":56,"column":21},"end":{"line":56,"column":25}},"24":{"start":{"line":57,"column":8},"end":{"line":57,"column":106}},"25":{"start":{"line":60,"column":6},"end":{"line":60,"column":83}},"26":{"start":{"line":62,"column":6},"end":{"line":62,"column":70}},"27":{"start":{"line":67,"column":4},"end":{"line":83,"column":5}},"28":{"start":{"line":68,"column":22},"end":{"line":68,"column":76}},"29":{"start":{"line":70,"column":6},"end":{"line":73,"column":7}},"30":{"start":{"line":71,"column":21},"end":{"line":71,"column":25}},"31":{"start":{"line":72,"column":8},"end":{"line":72,"column":106}},"32":{"start":{"line":75,"column":22},"end":{"line":75,"column":35}},"33":{"start":{"line":76,"column":17},"end":{"line":76,"column":30}},"34":{"start":{"line":77,"column":6},"end":{"line":77,"column":61}},"35":{"start":{"line":78,"column":6},"end":{"line":80,"column":9}},"36":{"start":{"line":82,"column":6},"end":{"line":82,"column":70}},"37":{"start":{"line":87,"column":4},"end":{"line":100,"column":5}},"38":{"start":{"line":88,"column":22},"end":{"line":88,"column":76}},"39":{"start":{"line":90,"column":6},"end":{"line":93,"column":7}},"40":{"start":{"line":91,"column":21},"end":{"line":91,"column":25}},"41":{"start":{"line":92,"column":8},"end":{"line":92,"column":106}},"42":{"start":{"line":95,"column":6},"end":{"line":95,"column":63}},"43":{"start":{"line":96,"column":19},"end":{"line":96,"column":23}},"44":{"start":{"line":97,"column":6},"end":{"line":97,"column":89}},"45":{"start":{"line":99,"column":6},"end":{"line":99,"column":70}},"46":{"start":{"line":106,"column":15},"end":{"line":106,"column":33}},"47":{"start":{"line":107,"column":0},"end":{"line":107,"column":27}}},"fnMap":{"0":{"name":"_interopRequireDefault","decl":{"start":{"line":16,"column":9},"end":{"line":16,"column":31}},"loc":{"start":{"line":16,"column":37},"end":{"line":16,"column":95}},"line":16},"1":{"name":"(anonymous_1)","decl":{"start":{"line":23,"column":2},"end":{"line":23,"column":3}},"loc":{"start":{"line":23,"column":32},"end":{"line":38,"column":3}},"line":23},"2":{"name":"(anonymous_2)","decl":{"start":{"line":40,"column":2},"end":{"line":40,"column":3}},"loc":{"start":{"line":40,"column":32},"end":{"line":49,"column":3}},"line":40},"3":{"name":"(anonymous_3)","decl":{"start":{"line":51,"column":2},"end":{"line":51,"column":3}},"loc":{"start":{"line":51,"column":33},"end":{"line":64,"column":3}},"line":51},"4":{"name":"(anonymous_4)","decl":{"start":{"line":66,"column":2},"end":{"line":66,"column":3}},"loc":{"start":{"line":66,"column":36},"end":{"line":84,"column":3}},"line":66},"5":{"name":"(anonymous_5)","decl":{"start":{"line":86,"column":2},"end":{"line":86,"column":3}},"loc":{"start":{"line":86,"column":36},"end":{"line":101,"column":3}},"line":86}},"branchMap":{"0":{"loc":{"start":{"line":16,"column":46},"end":{"line":16,"column":92}},"type":"cond-expr","locations":[{"start":{"line":16,"column":70},"end":{"line":16,"column":73}},{"start":{"line":16,"column":76},"end":{"line":16,"column":92}}],"line":16},"1":{"loc":{"start":{"line":16,"column":46},"end":{"line":16,"column":67}},"type":"binary-expr","locations":[{"start":{"line":16,"column":46},"end":{"line":16,"column":49}},{"start":{"line":16,"column":53},"end":{"line":16,"column":67}}],"line":16},"2":{"loc":{"start":{"line":29,"column":6},"end":{"line":32,"column":7}},"type":"if","locations":[{"start":{"line":29,"column":6},"end":{"line":32,"column":7}},{"start":{"line":29,"column":6},"end":{"line":32,"column":7}}],"line":29},"3":{"loc":{"start":{"line":55,"column":6},"end":{"line":58,"column":7}},"type":"if","locations":[{"start":{"line":55,"column":6},"end":{"line":58,"column":7}},{"start":{"line":55,"column":6},"end":{"line":58,"column":7}}],"line":55},"4":{"loc":{"start":{"line":55,"column":10},"end":{"line":55,"column":40}},"type":"binary-expr","locations":[{"start":{"line":55,"column":10},"end":{"line":55,"column":18}},{"start":{"line":55,"column":22},"end":{"line":55,"column":40}}],"line":55},"5":{"loc":{"start":{"line":70,"column":6},"end":{"line":73,"column":7}},"type":"if","locations":[{"start":{"line":70,"column":6},"end":{"line":73,"column":7}},{"start":{"line":70,"column":6},"end":{"line":73,"column":7}}],"line":70},"6":{"loc":{"start":{"line":70,"column":10},"end":{"line":70,"column":40}},"type":"binary-expr","locations":[{"start":{"line":70,"column":10},"end":{"line":70,"column":18}},{"start":{"line":70,"column":22},"end":{"line":70,"column":40}}],"line":70},"7":{"loc":{"start":{"line":90,"column":6},"end":{"line":93,"column":7}},"type":"if","locations":[{"start":{"line":90,"column":6},"end":{"line":93,"column":7}},{"start":{"line":90,"column":6},"end":{"line":93,"column":7}}],"line":90},"8":{"loc":{"start":{"line":90,"column":10},"end":{"line":90,"column":40}},"type":"binary-expr","locations":[{"start":{"line":90,"column":10},"end":{"line":90,"column":18}},{"start":{"line":90,"column":22},"end":{"line":90,"column":40}}],"line":90}},"s":{"0":1,"1":1,"2":1,"3":1,"4":1,"5":1,"6":4,"7":1,"8":0,"9":0,"10":0,"11":0,"12":0,"13":0,"14":0,"15":0,"16":0,"17":0,"18":0,"19":0,"20":0,"21":0,"22":0,"23":0,"24":0,"25":0,"26":0,"27":0,"28":0,"29":0,"30":0,"31":0,"32":0,"33":0,"34":0,"35":0,"36":0,"37":0,"38":0,"39":0,"40":0,"41":0,"42":0,"43":0,"44":0,"45":0,"46":1,"47":1},"f":{"0":4,"1":0,"2":0,"3":0,"4":0,"5":0},"b":{"0":[2,2],"1":[4,4],"2":[0,0],"3":[0,0],"4":[0,0],"5":[0,0],"6":[0,0],"7":[0,0],"8":[0,0]},"inputSourceMap":{"version":3,"sources":["students.js"],"names":["require","config","studentsController","getAll","req","res","getStudents","StudentServices","getStudents02","console","log","rows","count","data","response","successResponse","error","errorResponse","message","postIn","newStudent","CreateStudent","body","name","getById","student","findStudentById","params","id","updateById","newName","updateStudentById","deleteById","deleteStudentById","err"],"mappings":";;;;;;;AAAA;;AAIA;;AACA;;AACA;;;;AALA;AACA;AACAA,OAAO,CAAC,QAAD,CAAP,CAAkBC,MAAlB;;AAKA,MAAMC,kBAAN,CAAyB;AACJ,eAANC,MAAM,CAACC,GAAD,EAAMC,GAAN,EAAW;AAC5B;AACA,QAAI;AACF,YAAMC,WAAW,GAAG,MAAMC,kBAAgBC,aAAhB,EAA1B;AACAC,MAAAA,OAAO,CAACC,GAAR,CAAY,eAAZ,EAA6BJ,WAAW,CAACK,IAAzC;;AACA,UAAIL,WAAW,CAACM,KAAZ,IAAqB,CAAzB,EAA4B;AAC1B,cAAMC,IAAI,GAAG,IAAb;AACA,eAAOC,kBAASC,eAAT,CAAyBV,GAAzB,EAA6B,GAA7B,EAAiC,4BAAjC,CAAP;AACD;;AACD,aAAOS,kBAASC,eAAT,CAAyBV,GAAzB,EAA6B,GAA7B,EAAiC,kBAAjC,EAAoDC,WAApD,CAAP;AACD,KARD,CAQE,OAAOU,KAAP,EAAc;AACd,aAAOF,kBAASG,aAAT,CAAuBZ,GAAvB,EAA2BW,KAAK,CAACE,OAAjC,EAA0C,GAA1C,CAAP;AACD;AACF;;AAEkB,eAANC,MAAM,CAACf,GAAD,EAAMC,GAAN,EAAW;AAC5B,QAAI;AACF,YAAMe,UAAU,GAAG,MAAMb,kBAAgBc,aAAhB,CAA8BjB,GAAG,CAACkB,IAAlC,CAAzB;AACA,aAAOR,kBAASC,eAAT,CAAyBV,GAAzB,EAA6B,GAA7B,EAAiC,iCAAjC,EAAmE;AAACkB,QAAAA,IAAI,EAAEH,UAAU,CAACG;AAAlB,OAAnE,CAAP;AACD,KAHD,CAGE,OAAOP,KAAP,EAAc;AACd,aAAOF,kBAASG,aAAT,CAAuBZ,GAAvB,EAA2BW,KAAK,CAACE,OAAjC,EAA0C,GAA1C,CAAP;AACD;AACF;;AAEmB,eAAPM,OAAO,CAACpB,GAAD,EAAMC,GAAN,EAAW;AAC7B,QAAI;AAEF,YAAMoB,OAAO,GAAG,MAAMlB,kBAAgBmB,eAAhB,CAAgCtB,GAAG,CAACuB,MAAJ,CAAWC,EAA3C,CAAtB;;AACA,UAAK,CAACH,OAAD,IAAYA,OAAO,CAACb,KAAR,IAAiB,CAAlC,EAAsC;AACpC,cAAMC,IAAI,GAAG,IAAb;AACA,eAAOC,kBAASG,aAAT,CAAuBZ,GAAvB,EAA2B,+CAA3B,EAA2E,GAA3E,CAAP;AACD;;AACD,aAAOS,kBAASC,eAAT,CAAyBV,GAAzB,EAA8B,GAA9B,EAAmC,eAAnC,EAAoDoB,OAApD,CAAP;AACD,KARD,CAQE,OAAOT,KAAP,EAAc;AACd,aAAOF,kBAASG,aAAT,CAAuBZ,GAAvB,EAA4BW,KAAK,CAACE,OAAlC,EAA2C,GAA3C,CAAP;AACD;AACF;;AAEsB,eAAVW,UAAU,CAACzB,GAAD,EAAMC,GAAN,EAAW;AAChC,QAAI;AAEF,YAAMoB,OAAO,GAAG,MAAMlB,kBAAgBmB,eAAhB,CAAgCtB,GAAG,CAACuB,MAAJ,CAAWC,EAA3C,CAAtB;;AACA,UAAI,CAACH,OAAD,IAAYA,OAAO,CAACb,KAAR,IAAiB,CAAjC,EAAoC;AAClC,cAAMC,IAAI,GAAG,IAAb;AACA,eAAOC,kBAASG,aAAT,CAAuBZ,GAAvB,EAA2B,+CAA3B,EAA2E,GAA3E,CAAP;AACD;;AACD,YAAMyB,OAAO,GAAG1B,GAAG,CAACkB,IAAJ,CAASC,IAAzB;AACA,YAAMK,EAAE,GAAGxB,GAAG,CAACuB,MAAJ,CAAWC,EAAtB;AACA,YAAMrB,kBAAgBwB,iBAAhB,CAAkCH,EAAlC,EAAqCE,OAArC,CAAN;AACA,aAAOhB,kBAASA,QAAT,CAAkBT,GAAlB,EAAsB,GAAtB,EAA0B,8BAA1B,EAAyD;AAACkB,QAAAA,IAAI,EAAEO;AAAP,OAAzD,CAAP;AACD,KAXD,CAWE,OAAOd,KAAP,EAAc;AACd,aAAOF,kBAASG,aAAT,CAAuBZ,GAAvB,EAA4BW,KAAK,CAACE,OAAlC,EAA2C,GAA3C,CAAP;AACD;AACF;;AAEsB,eAAVc,UAAU,CAAC5B,GAAD,EAAMC,GAAN,EAAW;AAChC,QAAI;AACF,YAAMoB,OAAO,GAAG,MAAMlB,kBAAgBmB,eAAhB,CAAgCtB,GAAG,CAACuB,MAAJ,CAAWC,EAA3C,CAAtB;;AACA,UAAI,CAACH,OAAD,IAAYA,OAAO,CAACb,KAAR,IAAiB,CAAjC,EAAoC;AAClC,cAAMC,IAAI,GAAG,IAAb;AACA,eAAOC,kBAASG,aAAT,CAAuBZ,GAAvB,EAA2B,+CAA3B,EAA2E,GAA3E,CAAP;AACD;;AACD,YAAME,kBAAgB0B,iBAAhB,CAAkC7B,GAAG,CAACuB,MAAJ,CAAWC,EAA7C,CAAN;AACA,YAAMf,IAAI,GAAG,IAAb;AACA,aAAOC,kBAASC,eAAT,CAAyBV,GAAzB,EAA6B,GAA7B,EAAiC,8BAAjC,CAAP;AACD,KATD,CASE,OAAO6B,GAAP,EAAY;AACZ,aAAOpB,kBAASG,aAAT,CAAuBZ,GAAvB,EAA4BW,KAAK,CAACE,OAAlC,EAA2C,GAA3C,CAAP;AACD;AACF;;AArEsB;;AAsExB;eAEchB,kB","sourceRoot":"E:\\practo_refactored\\src\\controllers\\","sourcesContent":["import express  from 'express';\r\n//const router = express.Router();\r\n//const Joi = require(\"joi\");\r\nrequire(\"dotenv\").config();\r\nimport validateStudent from '../middlewares/studentvalidation';\r\nimport StudentServices from '../services/students';\r\nimport response from '../helpers/response';\r\n\r\nclass studentsController {\r\n  static async getAll(req, res) {\r\n    // res.send(students);\r\n    try {\r\n      const getStudents = await StudentServices.getStudents02();\r\n      console.log(\"===========>>\", getStudents.rows);\r\n      if (getStudents.count <= 0) {\r\n        const data = null;\r\n        return response.successResponse(res,404,\"No students registered yet\");\r\n      }\r\n      return response.successResponse(res,200,\"list of students\",getStudents);\r\n    } catch (error) {\r\n      return response.errorResponse(res,error.message, 500);\r\n    }\r\n  }\r\n\r\n  static async postIn(req, res) {\r\n    try {\r\n      const newStudent = await StudentServices.CreateStudent(req.body);\r\n      return response.successResponse(res,201,\"Student successfully registered\",{name: newStudent.name});\r\n    } catch (error) {\r\n      return response.errorResponse(res,error.message, 500);\r\n    }\r\n  }\r\n\r\n  static async getById(req, res) {\r\n    try {\r\n      \r\n      const student = await StudentServices.findStudentById(req.params.id);\r\n      if ( !student || student.count <= 0 ) {\r\n        const data = null;\r\n        return response.errorResponse(res,\"No student with that given ID in the database\",404);\r\n      }\r\n      return response.successResponse(res, 200, \"Student found\", student);\r\n    } catch (error) {\r\n      return response.errorResponse(res, error.message, 500);\r\n    }\r\n  }\r\n\r\n  static async updateById(req, res) {\r\n    try {\r\n\r\n      const student = await StudentServices.findStudentById(req.params.id);\r\n      if (!student || student.count <= 0) {\r\n        const data = null;\r\n        return response.errorResponse(res,\"No student with that given ID in the database\",404);\r\n      }\r\n      const newName = req.body.name;\r\n      const id = req.params.id;\r\n      await StudentServices.updateStudentById(id,newName);\r\n      return response.response(res,202,\"Student successfully updated\",{name: newName});\r\n    } catch (error) {\r\n      return response.errorResponse(res, error.message, 500);\r\n    }\r\n  }\r\n\r\n  static async deleteById(req, res) {\r\n    try {\r\n      const student = await StudentServices.findStudentById(req.params.id);\r\n      if (!student || student.count <= 0) {\r\n        const data = null;\r\n        return response.errorResponse(res,\"No student with that given ID in the database\",404);\r\n      }\r\n      await StudentServices.deleteStudentById(req.params.id);\r\n      const data = null;\r\n      return response.successResponse(res,200,\"Student successfully deleted\");\r\n    } catch (err) {\r\n      return response.errorResponse(res, error.message, 500);\r\n    }\r\n  }\r\n};\r\n\r\nexport default studentsController;\r\n"]},"_coverageSchema":"1a1c01bbd47fc00a2c39e90264f33305004495a9","hash":"70cae91907f7db74950dde967b817f42456d13ae","contentHash":"c63662411f4acadd2b4b48d473ed9f5696ccf8a5451a62d6d5c41e2068300df0"},"E:\\practo_refactored\\src\\middlewares\\studentvalidation.js":{"path":"E:\\practo_refactored\\src\\middlewares\\studentvalidation.js","statementMap":{"0":{"start":{"line":3,"column":0},"end":{"line":5,"column":3}},"1":{"start":{"line":6,"column":0},"end":{"line":6,"column":25}},"2":{"start":{"line":8,"column":11},"end":{"line":8,"column":49}},"3":{"start":{"line":10,"column":16},"end":{"line":10,"column":70}},"4":{"start":{"line":12,"column":39},"end":{"line":12,"column":93}},"5":{"start":{"line":16,"column":17},"end":{"line":18,"column":3}},"6":{"start":{"line":22,"column":6},"end":{"line":22,"column":45}},"7":{"start":{"line":24,"column":2},"end":{"line":24,"column":93}},"8":{"start":{"line":24,"column":13},"end":{"line":24,"column":93}},"9":{"start":{"line":25,"column":2},"end":{"line":25,"column":9}},"10":{"start":{"line":29,"column":15},"end":{"line":29,"column":30}},"11":{"start":{"line":30,"column":0},"end":{"line":30,"column":27}}},"fnMap":{"0":{"name":"_interopRequireDefault","decl":{"start":{"line":12,"column":9},"end":{"line":12,"column":31}},"loc":{"start":{"line":12,"column":37},"end":{"line":12,"column":95}},"line":12},"1":{"name":"validateStudent","decl":{"start":{"line":15,"column":9},"end":{"line":15,"column":24}},"loc":{"start":{"line":15,"column":41},"end":{"line":26,"column":1}},"line":15}},"branchMap":{"0":{"loc":{"start":{"line":12,"column":46},"end":{"line":12,"column":92}},"type":"cond-expr","locations":[{"start":{"line":12,"column":70},"end":{"line":12,"column":73}},{"start":{"line":12,"column":76},"end":{"line":12,"column":92}}],"line":12},"1":{"loc":{"start":{"line":12,"column":46},"end":{"line":12,"column":67}},"type":"binary-expr","locations":[{"start":{"line":12,"column":46},"end":{"line":12,"column":49}},{"start":{"line":12,"column":53},"end":{"line":12,"column":67}}],"line":12},"2":{"loc":{"start":{"line":24,"column":2},"end":{"line":24,"column":93}},"type":"if","locations":[{"start":{"line":24,"column":2},"end":{"line":24,"column":93}},{"start":{"line":24,"column":2},"end":{"line":24,"column":93}}],"line":24}},"s":{"0":1,"1":1,"2":1,"3":1,"4":2,"5":0,"6":0,"7":0,"8":0,"9":0,"10":1,"11":1},"f":{"0":2,"1":0},"b":{"0":[0,2],"1":[2,2],"2":[0,0]},"inputSourceMap":{"version":3,"sources":["studentvalidation.js"],"names":["validateStudent","req","res","next","schema","name","Joi","string","min","required","error","validate","body","response","errorResponse","details","message"],"mappings":";;;;;;;AAAA;;AAEA;;;;AADA;AAGC,SAASA,eAAT,CAAyBC,GAAzB,EAA6BC,GAA7B,EAAiCC,IAAjC,EAAsC;AAClC,QAAMC,MAAM,GAAG;AACZC,IAAAA,IAAI,EAAEC,aAAIC,MAAJ,GAAaC,GAAb,CAAiB,CAAjB,EAAoBC,QAApB;AADM,GAAf,CADkC,CAInC;;AAEA,QAAM;AAACC,IAAAA;AAAD,MAAUJ,aAAIK,QAAJ,CAAaV,GAAG,CAACW,IAAjB,EAAsBR,MAAtB,CAAhB;;AACA,MAAIM,KAAJ,EAAW,OAAOG,kBAASC,aAAT,CAAuBZ,GAAvB,EAA4B,GAAEQ,KAAK,CAACK,OAAN,CAAc,CAAd,EAAiBC,OAAQ,EAAvD,EAAyD,GAAzD,CAAP;AACXb,EAAAA,IAAI;AAEH;;AAAA;eAEcH,e","sourceRoot":"E:\\practo_refactored\\src\\middlewares\\","sourcesContent":["import Joi  from 'joi';\r\n//const { noExtendLeft } = require('sequelize/types/lib/operators');\r\nimport response from '../helpers/response';\r\n\r\n function validateStudent(req,res,next){\r\n     const schema = {\r\n        name: Joi.string().min(3).required(),\r\n    };\r\n    //return Joi.validate(student, schema);\r\n\r\n    const {error} = Joi.validate(req.body,schema);\r\n    if (error) return response.errorResponse(res,`${error.details[0].message}`,422);\r\n    next();\r\n    \r\n    };\r\n\r\n    export default validateStudent;"]},"_coverageSchema":"1a1c01bbd47fc00a2c39e90264f33305004495a9","hash":"28520052aa267279f8438ac3ca2d8f53e0421d28","contentHash":"43caccf02c4d63bd0e64beadad6c97daba731d98d0e5dab0a1a49c3e2f78ee24"},"E:\\practo_refactored\\src\\services\\students.js":{"path":"E:\\practo_refactored\\src\\services\\students.js","statementMap":{"0":{"start":{"line":3,"column":0},"end":{"line":5,"column":3}},"1":{"start":{"line":6,"column":0},"end":{"line":6,"column":25}},"2":{"start":{"line":8,"column":17},"end":{"line":8,"column":62}},"3":{"start":{"line":10,"column":14},"end":{"line":10,"column":61}},"4":{"start":{"line":12,"column":39},"end":{"line":12,"column":93}},"5":{"start":{"line":14,"column":49},"end":{"line":14,"column":96}},"6":{"start":{"line":14,"column":84},"end":{"line":14,"column":96}},"7":{"start":{"line":14,"column":121},"end":{"line":14,"column":134}},"8":{"start":{"line":14,"column":159},"end":{"line":14,"column":172}},"9":{"start":{"line":14,"column":174},"end":{"line":14,"column":309}},"10":{"start":{"line":14,"column":234},"end":{"line":14,"column":292}},"11":{"start":{"line":16,"column":53},"end":{"line":16,"column":111}},"12":{"start":{"line":16,"column":98},"end":{"line":16,"column":109}},"13":{"start":{"line":16,"column":112},"end":{"line":16,"column":214}},"14":{"start":{"line":16,"column":188},"end":{"line":16,"column":212}},"15":{"start":{"line":16,"column":227},"end":{"line":16,"column":264}},"16":{"start":{"line":16,"column":266},"end":{"line":16,"column":321}},"17":{"start":{"line":16,"column":297},"end":{"line":16,"column":319}},"18":{"start":{"line":16,"column":335},"end":{"line":16,"column":337}},"19":{"start":{"line":16,"column":367},"end":{"line":16,"column":423}},"20":{"start":{"line":16,"column":425},"end":{"line":16,"column":726}},"21":{"start":{"line":16,"column":448},"end":{"line":16,"column":724}},"22":{"start":{"line":16,"column":534},"end":{"line":16,"column":606}},"23":{"start":{"line":16,"column":608},"end":{"line":16,"column":722}},"24":{"start":{"line":16,"column":646},"end":{"line":16,"column":687}},"25":{"start":{"line":16,"column":697},"end":{"line":16,"column":720}},"26":{"start":{"line":16,"column":727},"end":{"line":16,"column":748}},"27":{"start":{"line":16,"column":749},"end":{"line":16,"column":787}},"28":{"start":{"line":16,"column":762},"end":{"line":16,"column":785}},"29":{"start":{"line":16,"column":788},"end":{"line":16,"column":802}},"30":{"start":{"line":20,"column":4},"end":{"line":20,"column":54}},"31":{"start":{"line":24,"column":4},"end":{"line":31,"column":5}},"32":{"start":{"line":25,"column":6},"end":{"line":25,"column":42}},"33":{"start":{"line":26,"column":29},"end":{"line":26,"column":68}},"34":{"start":{"line":27,"column":6},"end":{"line":27,"column":39}},"35":{"start":{"line":27,"column":27},"end":{"line":27,"column":39}},"36":{"start":{"line":28,"column":6},"end":{"line":28,"column":28}},"37":{"start":{"line":30,"column":6},"end":{"line":30,"column":23}},"38":{"start":{"line":35,"column":4},"end":{"line":37,"column":7}},"39":{"start":{"line":41,"column":4},"end":{"line":51,"column":5}},"40":{"start":{"line":42,"column":22},"end":{"line":46,"column":8}},"41":{"start":{"line":47,"column":6},"end":{"line":47,"column":32}},"42":{"start":{"line":47,"column":20},"end":{"line":47,"column":32}},"43":{"start":{"line":48,"column":6},"end":{"line":48,"column":21}},"44":{"start":{"line":50,"column":6},"end":{"line":50,"column":23}},"45":{"start":{"line":55,"column":4},"end":{"line":70,"column":5}},"46":{"start":{"line":56,"column":6},"end":{"line":60,"column":9}},"47":{"start":{"line":61,"column":6},"end":{"line":64,"column":8}},"48":{"start":{"line":66,"column":6},"end":{"line":69,"column":8}},"49":{"start":{"line":74,"column":4},"end":{"line":87,"column":5}},"50":{"start":{"line":75,"column":6},"end":{"line":81,"column":9}},"51":{"start":{"line":83,"column":6},"end":{"line":86,"column":8}},"52":{"start":{"line":93,"column":15},"end":{"line":93,"column":31}},"53":{"start":{"line":94,"column":0},"end":{"line":94,"column":27}}},"fnMap":{"0":{"name":"_interopRequireDefault","decl":{"start":{"line":12,"column":9},"end":{"line":12,"column":31}},"loc":{"start":{"line":12,"column":37},"end":{"line":12,"column":95}},"line":12},"1":{"name":"_getRequireWildcardCache","decl":{"start":{"line":14,"column":9},"end":{"line":14,"column":33}},"loc":{"start":{"line":14,"column":47},"end":{"line":14,"column":311}},"line":14},"2":{"name":"(anonymous_2)","decl":{"start":{"line":14,"column":209},"end":{"line":14,"column":210}},"loc":{"start":{"line":14,"column":232},"end":{"line":14,"column":294}},"line":14},"3":{"name":"_interopRequireWildcard","decl":{"start":{"line":16,"column":9},"end":{"line":16,"column":32}},"loc":{"start":{"line":16,"column":51},"end":{"line":16,"column":804}},"line":16},"4":{"name":"(anonymous_4)","decl":{"start":{"line":19,"column":2},"end":{"line":19,"column":3}},"loc":{"start":{"line":19,"column":41},"end":{"line":21,"column":3}},"line":19},"5":{"name":"(anonymous_5)","decl":{"start":{"line":23,"column":2},"end":{"line":23,"column":3}},"loc":{"start":{"line":23,"column":29},"end":{"line":32,"column":3}},"line":23},"6":{"name":"(anonymous_6)","decl":{"start":{"line":34,"column":2},"end":{"line":34,"column":3}},"loc":{"start":{"line":34,"column":31},"end":{"line":38,"column":3}},"line":34},"7":{"name":"(anonymous_7)","decl":{"start":{"line":40,"column":2},"end":{"line":40,"column":3}},"loc":{"start":{"line":40,"column":35},"end":{"line":52,"column":3}},"line":40},"8":{"name":"(anonymous_8)","decl":{"start":{"line":54,"column":2},"end":{"line":54,"column":3}},"loc":{"start":{"line":54,"column":37},"end":{"line":71,"column":3}},"line":54},"9":{"name":"(anonymous_9)","decl":{"start":{"line":73,"column":2},"end":{"line":73,"column":3}},"loc":{"start":{"line":73,"column":43},"end":{"line":88,"column":3}},"line":73}},"branchMap":{"0":{"loc":{"start":{"line":12,"column":46},"end":{"line":12,"column":92}},"type":"cond-expr","locations":[{"start":{"line":12,"column":70},"end":{"line":12,"column":73}},{"start":{"line":12,"column":76},"end":{"line":12,"column":92}}],"line":12},"1":{"loc":{"start":{"line":12,"column":46},"end":{"line":12,"column":67}},"type":"binary-expr","locations":[{"start":{"line":12,"column":46},"end":{"line":12,"column":49}},{"start":{"line":12,"column":53},"end":{"line":12,"column":67}}],"line":12},"2":{"loc":{"start":{"line":14,"column":49},"end":{"line":14,"column":96}},"type":"if","locations":[{"start":{"line":14,"column":49},"end":{"line":14,"column":96}},{"start":{"line":14,"column":49},"end":{"line":14,"column":96}}],"line":14},"3":{"loc":{"start":{"line":14,"column":241},"end":{"line":14,"column":291}},"type":"cond-expr","locations":[{"start":{"line":14,"column":255},"end":{"line":14,"column":271}},{"start":{"line":14,"column":274},"end":{"line":14,"column":291}}],"line":14},"4":{"loc":{"start":{"line":16,"column":53},"end":{"line":16,"column":111}},"type":"if","locations":[{"start":{"line":16,"column":53},"end":{"line":16,"column":111}},{"start":{"line":16,"column":53},"end":{"line":16,"column":111}}],"line":16},"5":{"loc":{"start":{"line":16,"column":57},"end":{"line":16,"column":94}},"type":"binary-expr","locations":[{"start":{"line":16,"column":57},"end":{"line":16,"column":69}},{"start":{"line":16,"column":73},"end":{"line":16,"column":76}},{"start":{"line":16,"column":80},"end":{"line":16,"column":94}}],"line":16},"6":{"loc":{"start":{"line":16,"column":112},"end":{"line":16,"column":214}},"type":"if","locations":[{"start":{"line":16,"column":112},"end":{"line":16,"column":214}},{"start":{"line":16,"column":112},"end":{"line":16,"column":214}}],"line":16},"7":{"loc":{"start":{"line":16,"column":116},"end":{"line":16,"column":184}},"type":"binary-expr","locations":[{"start":{"line":16,"column":116},"end":{"line":16,"column":128}},{"start":{"line":16,"column":132},"end":{"line":16,"column":155}},{"start":{"line":16,"column":159},"end":{"line":16,"column":184}}],"line":16},"8":{"loc":{"start":{"line":16,"column":266},"end":{"line":16,"column":321}},"type":"if","locations":[{"start":{"line":16,"column":266},"end":{"line":16,"column":321}},{"start":{"line":16,"column":266},"end":{"line":16,"column":321}}],"line":16},"9":{"loc":{"start":{"line":16,"column":270},"end":{"line":16,"column":293}},"type":"binary-expr","locations":[{"start":{"line":16,"column":270},"end":{"line":16,"column":275}},{"start":{"line":16,"column":279},"end":{"line":16,"column":293}}],"line":16},"10":{"loc":{"start":{"line":16,"column":367},"end":{"line":16,"column":423}},"type":"binary-expr","locations":[{"start":{"line":16,"column":367},"end":{"line":16,"column":388}},{"start":{"line":16,"column":392},"end":{"line":16,"column":423}}],"line":16},"11":{"loc":{"start":{"line":16,"column":448},"end":{"line":16,"column":724}},"type":"if","locations":[{"start":{"line":16,"column":448},"end":{"line":16,"column":724}},{"start":{"line":16,"column":448},"end":{"line":16,"column":724}}],"line":16},"12":{"loc":{"start":{"line":16,"column":452},"end":{"line":16,"column":519}},"type":"binary-expr","locations":[{"start":{"line":16,"column":452},"end":{"line":16,"column":469}},{"start":{"line":16,"column":473},"end":{"line":16,"column":519}}],"line":16},"13":{"loc":{"start":{"line":16,"column":534},"end":{"line":16,"column":606}},"type":"cond-expr","locations":[{"start":{"line":16,"column":558},"end":{"line":16,"column":599}},{"start":{"line":16,"column":602},"end":{"line":16,"column":606}}],"line":16},"14":{"loc":{"start":{"line":16,"column":608},"end":{"line":16,"column":722}},"type":"if","locations":[{"start":{"line":16,"column":608},"end":{"line":16,"column":722}},{"start":{"line":16,"column":608},"end":{"line":16,"column":722}}],"line":16},"15":{"loc":{"start":{"line":16,"column":612},"end":{"line":16,"column":642}},"type":"binary-expr","locations":[{"start":{"line":16,"column":612},"end":{"line":16,"column":616}},{"start":{"line":16,"column":621},"end":{"line":16,"column":629}},{"start":{"line":16,"column":633},"end":{"line":16,"column":641}}],"line":16},"16":{"loc":{"start":{"line":16,"column":749},"end":{"line":16,"column":787}},"type":"if","locations":[{"start":{"line":16,"column":749},"end":{"line":16,"column":787}},{"start":{"line":16,"column":749},"end":{"line":16,"column":787}}],"line":16},"17":{"loc":{"start":{"line":27,"column":6},"end":{"line":27,"column":39}},"type":"if","locations":[{"start":{"line":27,"column":6},"end":{"line":27,"column":39}},{"start":{"line":27,"column":6},"end":{"line":27,"column":39}}],"line":27},"18":{"loc":{"start":{"line":47,"column":6},"end":{"line":47,"column":32}},"type":"if","locations":[{"start":{"line":47,"column":6},"end":{"line":47,"column":32}},{"start":{"line":47,"column":6},"end":{"line":47,"column":32}}],"line":47}},"s":{"0":1,"1":1,"2":1,"3":1,"4":1,"5":1,"6":0,"7":1,"8":1,"9":1,"10":1,"11":1,"12":0,"13":1,"14":0,"15":1,"16":1,"17":0,"18":1,"19":1,"20":1,"21":138,"22":137,"23":137,"24":0,"25":137,"26":1,"27":1,"28":1,"29":1,"30":0,"31":0,"32":0,"33":0,"34":0,"35":0,"36":0,"37":0,"38":0,"39":0,"40":0,"41":0,"42":0,"43":0,"44":0,"45":0,"46":0,"47":0,"48":0,"49":0,"50":0,"51":0,"52":1,"53":1},"f":{"0":1,"1":1,"2":1,"3":1,"4":0,"5":0,"6":0,"7":0,"8":0,"9":0},"b":{"0":[0,1],"1":[1,1],"2":[0,1],"3":[0,1],"4":[0,1],"5":[1,1,1],"6":[0,1],"7":[1,1,1],"8":[0,1],"9":[1,1],"10":[1,1],"11":[137,1],"12":[138,137],"13":[137,0],"14":[0,137],"15":[137,137,137],"16":[1,0],"17":[0,0],"18":[0,0]},"inputSourceMap":{"version":3,"sources":["students.js"],"names":["StudentsServices","CreateStudent","newStudent","db","student","create","getStudents","console","log","model","searchStudents","findAll","error","undefined","getStudents02","findAndCountAll","order","findStudentById","id","findOne","where","er","deleteStudentById","destroy","status","message","updateStudentById","name","update"],"mappings":";;;;;;;AAAA;;AACA;;;;;;;;AAGC,MAAMA,gBAAN,CAAuB;AACI,eAAbC,aAAa,CAACC,UAAD,EAAa;AACrC,WAAOC,gBAAGC,OAAH,CAAWC,MAAX,CAAkBH,UAAlB,CAAP;AACD;;AAEuB,eAAXI,WAAW,GAAG;AACzB,QAAI;AACFC,MAAAA,OAAO,CAACC,GAAR,CAAY,eAAZ,EAA6BC,KAA7B;AACA,YAAMC,cAAc,GAAG,MAAMP,gBAAGC,OAAH,CAAWO,OAAX,EAA7B;AACA,UAAI,CAACD,cAAL,EAAqB,OAAO,IAAP;AACrB,aAAOA,cAAP;AACD,KALD,CAKE,OAAOE,KAAP,EAAc;AACd,aAAOC,SAAP;AACD;AACF;;AAEyB,eAAbC,aAAa,GAAG;AAC3B,WAAO,MAAMX,gBAAGC,OAAH,CAAWW,eAAX,CAA2B;AACtCC,MAAAA,KAAK,EAAC,CAAC,CAAC,IAAD,EAAM,KAAN,CAAD;AADgC,KAA3B,CAAb;AAGD;;AAC2B,eAAfC,eAAe,CAACC,EAAD,EAAK;AAC/B,QAAI;AACF,YAAMd,OAAO,GAAG,MAAMD,gBAAGC,OAAH,CAAWe,OAAX,CAAmB;AAAEC,QAAAA,KAAK,EAAE;AAAEF,UAAAA;AAAF;AAAT,OAAnB,CAAtB;AACA,UAAI,CAACd,OAAL,EAAc,OAAO,IAAP;AACd,aAAOA,OAAP;AACD,KAJD,CAIE,OAAOiB,EAAP,EAAW;AACX,aAAOR,SAAP;AACD;AACF;;AAE6B,eAAjBS,iBAAiB,CAACJ,EAAD,EAAK;AACjC,QAAI;AACF,YAAMf,gBAAGC,OAAH,CAAWmB,OAAX,CAAmB;AAAEH,QAAAA,KAAK,EAAE;AAAEF,UAAAA;AAAF;AAAT,OAAnB,CAAN;AACA,aAAO;AACLM,QAAAA,MAAM,EAAE,GADH;AAELC,QAAAA,OAAO,EAAE;AAFJ,OAAP;AAID,KAND,CAME,OAAOJ,EAAP,EAAW;AACX,aAAO;AACLG,QAAAA,MAAM,EAAE,GADH;AAELC,QAAAA,OAAO,EAAEJ;AAFJ,OAAP;AAID;AACF;;AAE6B,eAAjBK,iBAAiB,CAACR,EAAD,EAAKS,IAAL,EAAW;AACvC,QAAI;AACF,aAAO,MAAMxB,gBAAGC,OAAH,CAAWwB,MAAX,CAAkB;AAAED,QAAAA;AAAF,OAAlB,EAA4B;AAAEP,QAAAA,KAAK,EAAE;AAAEF,UAAAA;AAAF;AAAT,OAA5B,CAAb;AACD,KAFD,CAEE,OAAOG,EAAP,EAAW;AACX,aAAO;AACLG,QAAAA,MAAM,EAAE,GADH;AAELC,QAAAA,OAAO,EAAEJ;AAFJ,OAAP;AAID;AACF;;AAvDqB;;AAwDvB;eAEcrB,gB","sourceRoot":"E:\\practo_refactored\\src\\services\\","sourcesContent":["import sequelize from 'sequelize';\r\nimport db from '../db/models';\r\nimport { op, where, cast, col } from 'sequelize';\r\n\r\n class StudentsServices {\r\n  static async CreateStudent(newStudent) {\r\n    return db.student.create(newStudent);\r\n  }\r\n\r\n  static async getStudents() {\r\n    try {\r\n      console.log(\"===========>>\", model);\r\n      const searchStudents = await db.student.findAll();\r\n      if (!searchStudents) return null;\r\n      return searchStudents;\r\n    } catch (error) {\r\n      return undefined;\r\n    }\r\n  }\r\n\r\n  static async getStudents02() {\r\n    return await db.student.findAndCountAll({\r\n      order:[['id','ASC']]\r\n    });\r\n  }\r\n  static async findStudentById(id) {\r\n    try {\r\n      const student = await db.student.findOne({ where: { id } });\r\n      if (!student) return null;\r\n      return student;\r\n    } catch (er) {\r\n      return undefined;\r\n    }\r\n  }\r\n\r\n  static async deleteStudentById(id) {\r\n    try {\r\n      await db.student.destroy({ where: { id } });\r\n      return {\r\n        status: 200,\r\n        message: \"Student successfully deleted\",\r\n      };\r\n    } catch (er) {\r\n      return {\r\n        status: 500,\r\n        message: er,\r\n      };\r\n    }\r\n  }\r\n\r\n  static async updateStudentById(id, name) {\r\n    try {\r\n      return await db.student.update({ name }, { where: { id } });\r\n    } catch (er) {\r\n      return {\r\n        status: 500,\r\n        message: er,\r\n      };\r\n    }\r\n  }\r\n};\r\n\r\nexport default StudentsServices;"]},"_coverageSchema":"1a1c01bbd47fc00a2c39e90264f33305004495a9","hash":"2d51ee3a71919ed6f6cf6aa09fdd2c355717ec39","contentHash":"a3facff2b3431d52bfe369e9dc42af41430b0173db3a65ed6c238445e0bb9921"},"E:\\practo_refactored\\src\\db\\models\\index.js":{"path":"E:\\practo_refactored\\src\\db\\models\\index.js","statementMap":{"0":{"start":{"line":3,"column":10},"end":{"line":3,"column":47}},"1":{"start":{"line":5,"column":12},"end":{"line":5,"column":51}},"2":{"start":{"line":7,"column":17},"end":{"line":7,"column":61}},"3":{"start":{"line":9,"column":39},"end":{"line":9,"column":93}},"4":{"start":{"line":11,"column":17},"end":{"line":11,"column":51}},"5":{"start":{"line":13,"column":12},"end":{"line":13,"column":49}},"6":{"start":{"line":15,"column":15},"end":{"line":15,"column":63}},"7":{"start":{"line":17,"column":11},"end":{"line":17,"column":13}},"8":{"start":{"line":20,"column":0},"end":{"line":24,"column":1}},"9":{"start":{"line":21,"column":2},"end":{"line":21,"column":83}},"10":{"start":{"line":23,"column":2},"end":{"line":23,"column":96}},"11":{"start":{"line":26,"column":0},"end":{"line":30,"column":3}},"12":{"start":{"line":26,"column":50},"end":{"line":26,"column":122}},"13":{"start":{"line":27,"column":16},"end":{"line":27,"column":101}},"14":{"start":{"line":29,"column":2},"end":{"line":29,"column":25}},"15":{"start":{"line":32,"column":0},"end":{"line":36,"column":3}},"16":{"start":{"line":33,"column":2},"end":{"line":35,"column":3}},"17":{"start":{"line":34,"column":4},"end":{"line":34,"column":32}},"18":{"start":{"line":37,"column":0},"end":{"line":37,"column":25}},"19":{"start":{"line":38,"column":0},"end":{"line":38,"column":34}},"20":{"start":{"line":39,"column":0},"end":{"line":39,"column":20}}},"fnMap":{"0":{"name":"_interopRequireDefault","decl":{"start":{"line":9,"column":9},"end":{"line":9,"column":31}},"loc":{"start":{"line":9,"column":37},"end":{"line":9,"column":95}},"line":9},"1":{"name":"(anonymous_1)","decl":{"start":{"line":26,"column":42},"end":{"line":26,"column":43}},"loc":{"start":{"line":26,"column":50},"end":{"line":26,"column":122}},"line":26},"2":{"name":"(anonymous_2)","decl":{"start":{"line":26,"column":132},"end":{"line":26,"column":133}},"loc":{"start":{"line":26,"column":140},"end":{"line":30,"column":1}},"line":26},"3":{"name":"(anonymous_3)","decl":{"start":{"line":32,"column":24},"end":{"line":32,"column":25}},"loc":{"start":{"line":32,"column":37},"end":{"line":36,"column":1}},"line":32}},"branchMap":{"0":{"loc":{"start":{"line":9,"column":46},"end":{"line":9,"column":92}},"type":"cond-expr","locations":[{"start":{"line":9,"column":70},"end":{"line":9,"column":73}},{"start":{"line":9,"column":76},"end":{"line":9,"column":92}}],"line":9},"1":{"loc":{"start":{"line":9,"column":46},"end":{"line":9,"column":67}},"type":"binary-expr","locations":[{"start":{"line":9,"column":46},"end":{"line":9,"column":49}},{"start":{"line":9,"column":53},"end":{"line":9,"column":67}}],"line":9},"2":{"loc":{"start":{"line":13,"column":12},"end":{"line":13,"column":49}},"type":"binary-expr","locations":[{"start":{"line":13,"column":12},"end":{"line":13,"column":32}},{"start":{"line":13,"column":36},"end":{"line":13,"column":49}}],"line":13},"3":{"loc":{"start":{"line":20,"column":0},"end":{"line":24,"column":1}},"type":"if","locations":[{"start":{"line":20,"column":0},"end":{"line":24,"column":1}},{"start":{"line":20,"column":0},"end":{"line":24,"column":1}}],"line":20},"4":{"loc":{"start":{"line":26,"column":50},"end":{"line":26,"column":122}},"type":"binary-expr","locations":[{"start":{"line":26,"column":50},"end":{"line":26,"column":73}},{"start":{"line":26,"column":77},"end":{"line":26,"column":94}},{"start":{"line":26,"column":98},"end":{"line":26,"column":122}}],"line":26},"5":{"loc":{"start":{"line":33,"column":2},"end":{"line":35,"column":3}},"type":"if","locations":[{"start":{"line":33,"column":2},"end":{"line":35,"column":3}},{"start":{"line":33,"column":2},"end":{"line":35,"column":3}}],"line":33}},"s":{"0":1,"1":1,"2":1,"3":3,"4":1,"5":1,"6":1,"7":1,"8":1,"9":0,"10":1,"11":1,"12":3,"13":2,"14":2,"15":1,"16":2,"17":2,"18":1,"19":1,"20":1},"f":{"0":3,"1":3,"2":2,"3":2},"b":{"0":[0,3],"1":[3,3],"2":[1,1],"3":[0,1],"4":[3,3,2],"5":[2,0]},"inputSourceMap":{"version":3,"sources":["index.js"],"names":["basename","path","__filename","env","process","NODE_ENV","config","require","__dirname","db","sequelize","use_env_variable","Sequelize","database","username","password","fs","readdirSync","filter","file","indexOf","slice","forEach","model","join","DataTypes","name","Object","keys","modelName","associate","module","exports"],"mappings":";;AAAA;;AACA;;AACA;;;;AAEA,MAAMA,QAAQ,GAAGC,cAAKD,QAAL,CAAcE,UAAd,CAAjB;;AACA,MAAMC,GAAG,GAAGC,OAAO,CAACD,GAAR,CAAYE,QAAZ,IAAwB,aAApC;;AACA,MAAMC,MAAM,GAAGC,OAAO,CAAE,GAAEC,SAAU,sBAAd,CAAP,CAA4CL,GAA5C,CAAf;;AACA,MAAMM,EAAE,GAAG,EAAX;AAEA,IAAIC,SAAJ;;AACA,IAAIJ,MAAM,CAACK,gBAAX,EAA6B;AAC3BD,EAAAA,SAAS,GAAG,IAAIE,kBAAJ,CAAcR,OAAO,CAACD,GAAR,CAAYG,MAAM,CAACK,gBAAnB,CAAd,EAAoDL,MAApD,CAAZ;AACD,CAFD,MAEO;AACLI,EAAAA,SAAS,GAAG,IAAIE,kBAAJ,CACVN,MAAM,CAACO,QADG,EAEVP,MAAM,CAACQ,QAFG,EAGVR,MAAM,CAACS,QAHG,EAIVT,MAJU,CAAZ;AAMD;;AAEDU,YAAGC,WAAH,CAAeT,SAAf,EACGU,MADH,CAEKC,IAAD,IACEA,IAAI,CAACC,OAAL,CAAa,GAAb,MAAsB,CAAtB,IAA2BD,IAAI,KAAKnB,QAApC,IAAgDmB,IAAI,CAACE,KAAL,CAAW,CAAC,CAAZ,MAAmB,KAHzE,EAKGC,OALH,CAKYH,IAAD,IAAU;AAChB,QAAMI,KAAK,GAAGhB,OAAO,CAACN,cAAKuB,IAAL,CAAUhB,SAAV,EAAqBW,IAArB,CAAD,CAAP,CACZT,SADY,EAEZE,mBAAUa,SAFE,CAAd;;AAIDhB,EAAAA,EAAE,CAACc,KAAK,CAACG,IAAP,CAAF,GAAiBH,KAAjB;AACD,CAXH;;AAaAI,MAAM,CAACC,IAAP,CAAYnB,EAAZ,EAAgBa,OAAhB,CAAyBO,SAAD,IAAe;AACrC,MAAIpB,EAAE,CAACoB,SAAD,CAAF,CAAcC,SAAlB,EAA6B;AAC3BrB,IAAAA,EAAE,CAACoB,SAAD,CAAF,CAAcC,SAAd,CAAwBrB,EAAxB;AACD;AACF,CAJD;AAMAA,EAAE,CAACC,SAAH,GAAeA,SAAf;AACAD,EAAE,CAACG,SAAH,GAAeA,kBAAf;AAEAmB,MAAM,CAACC,OAAP,GAAiBvB,EAAjB","sourceRoot":"E:\\practo_refactored\\src\\db\\models\\","sourcesContent":["import fs from 'fs';\r\nimport path from 'path';\r\nimport Sequelize from 'sequelize';\r\n\r\nconst basename = path.basename(__filename);\r\nconst env = process.env.NODE_ENV || \"development\";\r\nconst config = require(`${__dirname}/../config/config.js`)[env];\r\nconst db = {};\r\n\r\nlet sequelize;\r\nif (config.use_env_variable) {\r\n  sequelize = new Sequelize(process.env[config.use_env_variable], config);\r\n} else {\r\n  sequelize = new Sequelize(\r\n    config.database,\r\n    config.username,\r\n    config.password,\r\n    config\r\n  );\r\n}\r\n\r\nfs.readdirSync(__dirname)\r\n  .filter(\r\n    (file) =>\r\n      file.indexOf(\".\") !== 0 && file !== basename && file.slice(-3) === \".js\"\r\n  )\r\n  .forEach((file) => {\r\n     const model = require(path.join(__dirname, file))(\r\n       sequelize,\r\n       Sequelize.DataTypes\r\n     );\r\n    db[model.name] = model;\r\n  });\r\n\r\nObject.keys(db).forEach((modelName) => {\r\n  if (db[modelName].associate) {\r\n    db[modelName].associate(db);\r\n  }\r\n});\r\n\r\ndb.sequelize = sequelize;\r\ndb.Sequelize = Sequelize;\r\n\r\nmodule.exports = db;\r\n"]},"_coverageSchema":"1a1c01bbd47fc00a2c39e90264f33305004495a9","hash":"f9a8e2dbb93c56997ef80beafef4f90acbad4fff","contentHash":"f3d776baf5828d2e9bb540fd149ec961ac3bb286ac6cf99c17a64c1c9ef0e7fb"},"E:\\practo_refactored\\src\\db\\config\\config.js":{"path":"E:\\practo_refactored\\src\\db\\config\\config.js","statementMap":{"0":{"start":{"line":3,"column":0},"end":{"line":3,"column":27}},"1":{"start":{"line":5,"column":0},"end":{"line":36,"column":2}}},"fnMap":{},"branchMap":{},"s":{"0":1,"1":1},"f":{},"b":{},"inputSourceMap":{"version":3,"sources":["config.js"],"names":["require","config","module","exports","development","username","process","env","DB_USER","password","DB_PASS","database","DB_NAME","host","DB_HOST","port","DB_PORT","dialect","test","PORT","production","dialectOptions","useUTC","ssl","rejectUnauthorized"],"mappings":";;AAAAA,OAAO,CAAC,QAAD,CAAP,CAAkBC,MAAlB;;AAEAC,MAAM,CAACC,OAAP,GAAiB;AACfC,EAAAA,WAAW,EAAE;AACXC,IAAAA,QAAQ,EAAEC,OAAO,CAACC,GAAR,CAAYC,OADX;AAEXC,IAAAA,QAAQ,EAAEH,OAAO,CAACC,GAAR,CAAYG,OAFX;AAGXC,IAAAA,QAAQ,EAAEL,OAAO,CAACC,GAAR,CAAYK,OAHX;AAIXC,IAAAA,IAAI,EAAEP,OAAO,CAACC,GAAR,CAAYO,OAJP;AAKXC,IAAAA,IAAI,EAAET,OAAO,CAACC,GAAR,CAAYS,OALP;AAMXC,IAAAA,OAAO,EAAE;AANE,GADE;AASfC,EAAAA,IAAI,EAAE;AACJb,IAAAA,QAAQ,EAAEC,OAAO,CAACC,GAAR,CAAYC,OADlB;AAEJC,IAAAA,QAAQ,EAAEH,OAAO,CAACC,GAAR,CAAYG,OAFlB;AAGJC,IAAAA,QAAQ,EAAEL,OAAO,CAACC,GAAR,CAAYK,OAHlB;AAIJC,IAAAA,IAAI,EAAEP,OAAO,CAACC,GAAR,CAAYO,OAJd;AAKJK,IAAAA,IAAI,EAAE,IALF;AAMJF,IAAAA,OAAO,EAAE;AANL,GATS;AAiBfG,EAAAA,UAAU,EAAE;AACVf,IAAAA,QAAQ,EAAEC,OAAO,CAACC,GAAR,CAAYC,OADZ;AAEVC,IAAAA,QAAQ,EAAEH,OAAO,CAACC,GAAR,CAAYG,OAFZ;AAGVC,IAAAA,QAAQ,EAAEL,OAAO,CAACC,GAAR,CAAYK,OAHZ;AAIVC,IAAAA,IAAI,EAAEP,OAAO,CAACC,GAAR,CAAYO,OAJR;AAKVG,IAAAA,OAAO,EAAE,UALC;AAMVI,IAAAA,cAAc,EAAC;AACbC,MAAAA,MAAM,EAAC,KADM;AAEbC,MAAAA,GAAG,EAAC;AACFvB,QAAAA,OAAO,EAAC,IADN;AAEFwB,QAAAA,kBAAkB,EAAC;AAFjB;AAFS;AANL;AAjBG,CAAjB","sourceRoot":"E:\\practo_refactored\\src\\db\\config\\","sourcesContent":["require(\"dotenv\").config();\r\n\r\nmodule.exports = {\r\n  development: {\r\n    username: process.env.DB_USER,\r\n    password: process.env.DB_PASS,\r\n    database: process.env.DB_NAME,\r\n    host: process.env.DB_HOST,\r\n    port: process.env.DB_PORT,\r\n    dialect: \"postgres\",\r\n  },\r\n  test: {\r\n    username: process.env.DB_USER,\r\n    password: process.env.DB_PASS,\r\n    database: process.env.DB_NAME,\r\n    host: process.env.DB_HOST,\r\n    PORT: 5433,\r\n    dialect: \"postgres\",\r\n  },\r\n  production: {\r\n    username: process.env.DB_USER,\r\n    password: process.env.DB_PASS,\r\n    database: process.env.DB_NAME,\r\n    host: process.env.DB_HOST,\r\n    dialect: \"postgres\",\r\n    dialectOptions:{\r\n      useUTC:false,\r\n      ssl:{\r\n        require:true,\r\n        rejectUnauthorized:false,\r\n      },\r\n    },\r\n  },\r\n};\r\n"]},"_coverageSchema":"1a1c01bbd47fc00a2c39e90264f33305004495a9","hash":"8935d3c49b0f0d12f982e58a857e73e7593e8db2","contentHash":"c98cdd61ab6539d10fca3944cffe1474fa7f9926e4174b15e2d1209ca7a83431"},"E:\\practo_refactored\\src\\db\\models\\student.js":{"path":"E:\\practo_refactored\\src\\db\\models\\student.js","statementMap":{"0":{"start":{"line":3,"column":17},"end":{"line":3,"column":61}},"1":{"start":{"line":5,"column":39},"end":{"line":5,"column":93}},"2":{"start":{"line":7,"column":0},"end":{"line":18,"column":2}},"3":{"start":{"line":8,"column":18},"end":{"line":13,"column":4}},"4":{"start":{"line":15,"column":2},"end":{"line":15,"column":43}},"5":{"start":{"line":17,"column":2},"end":{"line":17,"column":17}}},"fnMap":{"0":{"name":"_interopRequireDefault","decl":{"start":{"line":5,"column":9},"end":{"line":5,"column":31}},"loc":{"start":{"line":5,"column":37},"end":{"line":5,"column":95}},"line":5},"1":{"name":"(anonymous_1)","decl":{"start":{"line":7,"column":17},"end":{"line":7,"column":18}},"loc":{"start":{"line":7,"column":43},"end":{"line":18,"column":1}},"line":7},"2":{"name":"(anonymous_2)","decl":{"start":{"line":15,"column":22},"end":{"line":15,"column":23}},"loc":{"start":{"line":15,"column":40},"end":{"line":15,"column":42}},"line":15}},"branchMap":{"0":{"loc":{"start":{"line":5,"column":46},"end":{"line":5,"column":92}},"type":"cond-expr","locations":[{"start":{"line":5,"column":70},"end":{"line":5,"column":73}},{"start":{"line":5,"column":76},"end":{"line":5,"column":92}}],"line":5},"1":{"loc":{"start":{"line":5,"column":46},"end":{"line":5,"column":67}},"type":"binary-expr","locations":[{"start":{"line":5,"column":46},"end":{"line":5,"column":49}},{"start":{"line":5,"column":53},"end":{"line":5,"column":67}}],"line":5}},"s":{"0":1,"1":1,"2":1,"3":1,"4":1,"5":1},"f":{"0":1,"1":1,"2":1},"b":{"0":[0,1],"1":[1,1]},"inputSourceMap":{"version":3,"sources":["student.js"],"names":["module","exports","sequelize","DataTypes","student","define","name","type","STRING","allownull","associate","models"],"mappings":"AAAA;;AACA;;;;AAEAA,MAAM,CAACC,OAAP,GAAiB,CAACC,SAAD,EAAYC,SAAZ,KAA0B;AACzC,QAAMC,OAAO,GAAGF,SAAS,CAACG,MAAV,CAAiB,SAAjB,EAA4B;AAC1CC,IAAAA,IAAI,EAAE;AAAEC,MAAAA,IAAI,EAAEJ,SAAS,CAACK,MAAlB;AAA0BC,MAAAA,SAAS,EAAE;AAArC;AADoC,GAA5B,CAAhB;;AAIAL,EAAAA,OAAO,CAACM,SAAR,GAAoB,UAAUC,MAAV,EAAkB,CAAE,CAAxC;;AACA,SAAOP,OAAP;AACD,CAPD","sourceRoot":"E:\\practo_refactored\\src\\db\\models\\","sourcesContent":["\"use strict\";\r\nimport Model from 'sequelize';\r\n\r\nmodule.exports = (sequelize, DataTypes) => {\r\n  const student = sequelize.define(\"student\", {\r\n    name: { type: DataTypes.STRING, allownull: false },\r\n  });\r\n\r\n  student.associate = function (models) {};\r\n  return student;\r\n};\r\n"]},"_coverageSchema":"1a1c01bbd47fc00a2c39e90264f33305004495a9","hash":"6e8fc3e46c243c525437a7f9886de5bad61e01ff","contentHash":"84997d66ae79f4401df72a00cd3d70132d0bd39b7eda76aadd959470080560ab"},"E:\\practo_refactored\\src\\db\\models\\users.js":{"path":"E:\\practo_refactored\\src\\db\\models\\users.js","statementMap":{"0":{"start":{"line":3,"column":14},"end":{"line":3,"column":34}},"1":{"start":{"line":5,"column":0},"end":{"line":20,"column":2}},"2":{"start":{"line":6,"column":15},"end":{"line":15,"column":4}},"3":{"start":{"line":17,"column":2},"end":{"line":17,"column":40}},"4":{"start":{"line":19,"column":2},"end":{"line":19,"column":14}}},"fnMap":{"0":{"name":"(anonymous_0)","decl":{"start":{"line":5,"column":17},"end":{"line":5,"column":18}},"loc":{"start":{"line":5,"column":43},"end":{"line":20,"column":1}},"line":5},"1":{"name":"(anonymous_1)","decl":{"start":{"line":17,"column":19},"end":{"line":17,"column":20}},"loc":{"start":{"line":17,"column":37},"end":{"line":17,"column":39}},"line":17}},"branchMap":{},"s":{"0":1,"1":1,"2":1,"3":1,"4":1},"f":{"0":1,"1":1},"b":{},"inputSourceMap":{"version":3,"sources":["users.js"],"names":["Model","require","module","exports","sequelize","DataTypes","user","define","username","type","STRING","allownull","password","associate","models"],"mappings":"AAAA;;AACA,MAAMA,KAAK,GAAGC,OAAO,CAAC,WAAD,CAArB;;AAEAC,MAAM,CAACC,OAAP,GAAiB,CAACC,SAAD,EAAYC,SAAZ,KAA0B;AACzC,QAAMC,IAAI,GAAGF,SAAS,CAACG,MAAV,CAAiB,MAAjB,EAAyB;AACpCC,IAAAA,QAAQ,EAAE;AAAEC,MAAAA,IAAI,EAAEJ,SAAS,CAACK,MAAlB;AAA0BC,MAAAA,SAAS,EAAE;AAArC,KAD0B;AAEpCC,IAAAA,QAAQ,EAAE;AAAEH,MAAAA,IAAI,EAAEJ,SAAS,CAACK,MAAlB;AAA0BC,MAAAA,SAAS,EAAE;AAArC;AAF0B,GAAzB,CAAb;;AAKAL,EAAAA,IAAI,CAACO,SAAL,GAAiB,UAAUC,MAAV,EAAkB,CAAE,CAArC;;AACA,SAAOR,IAAP;AACD,CARD","sourceRoot":"E:\\practo_refactored\\src\\db\\models\\","sourcesContent":["\"use strict\";\r\nconst Model = require(\"sequelize\");\r\n\r\nmodule.exports = (sequelize, DataTypes) => {\r\n  const user = sequelize.define(\"user\", {\r\n    username: { type: DataTypes.STRING, allownull: false },\r\n    password: { type: DataTypes.STRING, allownull: false },\r\n  });\r\n\r\n  user.associate = function (models) {};\r\n  return user;\r\n};\r\n"]},"_coverageSchema":"1a1c01bbd47fc00a2c39e90264f33305004495a9","hash":"c36aafd47c19f7ae9e65b47c0dfc9ddb9646b8f0","contentHash":"d5686c0051563f4436c17f3599c2881af56c4abb1c9d2ae391513779e98adb03"},"E:\\practo_refactored\\src\\routes\\usersroute.js":{"path":"E:\\practo_refactored\\src\\routes\\usersroute.js","statementMap":{"0":{"start":{"line":3,"column":0},"end":{"line":5,"column":3}},"1":{"start":{"line":6,"column":0},"end":{"line":6,"column":25}},"2":{"start":{"line":8,"column":15},"end":{"line":8,"column":57}},"3":{"start":{"line":10,"column":23},"end":{"line":10,"column":88}},"4":{"start":{"line":12,"column":23},"end":{"line":12,"column":88}},"5":{"start":{"line":14,"column":23},"end":{"line":14,"column":88}},"6":{"start":{"line":16,"column":39},"end":{"line":16,"column":93}},"7":{"start":{"line":21,"column":4},"end":{"line":21,"column":28}},"8":{"start":{"line":23,"column":15},"end":{"line":23,"column":40}},"9":{"start":{"line":25,"column":0},"end":{"line":25,"column":63}},"10":{"start":{"line":26,"column":0},"end":{"line":26,"column":65}},"11":{"start":{"line":27,"column":15},"end":{"line":27,"column":21}},"12":{"start":{"line":28,"column":0},"end":{"line":28,"column":27}}},"fnMap":{"0":{"name":"_interopRequireDefault","decl":{"start":{"line":16,"column":9},"end":{"line":16,"column":31}},"loc":{"start":{"line":16,"column":37},"end":{"line":16,"column":95}},"line":16}},"branchMap":{"0":{"loc":{"start":{"line":16,"column":46},"end":{"line":16,"column":92}},"type":"cond-expr","locations":[{"start":{"line":16,"column":70},"end":{"line":16,"column":73}},{"start":{"line":16,"column":76},"end":{"line":16,"column":92}}],"line":16},"1":{"loc":{"start":{"line":16,"column":46},"end":{"line":16,"column":67}},"type":"binary-expr","locations":[{"start":{"line":16,"column":46},"end":{"line":16,"column":49}},{"start":{"line":16,"column":53},"end":{"line":16,"column":67}}],"line":16}},"s":{"0":1,"1":1,"2":1,"3":1,"4":1,"5":1,"6":4,"7":1,"8":1,"9":1,"10":1,"11":1,"12":1},"f":{"0":4},"b":{"0":[3,1],"1":[4,4]},"inputSourceMap":{"version":3,"sources":["usersroute.js"],"names":["addUser","loginUser","userscontroller","router","express","Router","post","validateUser","validateLogin"],"mappings":";;;;;;;AAAA;;AACA;;AACA;;AACA;;;;AACA,MAAM;AAAEA,EAAAA,OAAF;AAAWC,EAAAA;AAAX,IAAyBC,wBAA/B;;AAEA,MAAMC,MAAM,GAAGC,iBAAQC,MAAR,EAAf;;AAEAF,MAAM,CAACG,IAAP,CAAY,cAAZ,EAA2BC,wBAA3B,EAAwCP,OAAxC;AACAG,MAAM,CAACG,IAAP,CAAY,cAAZ,EAA2BE,wBAA3B,EAAyCP,SAAzC;eAEeE,M","sourceRoot":"E:\\practo_refactored\\src\\routes\\","sourcesContent":["import express from 'express';\r\nimport userscontroller from '../controllers/userscontroller';\r\nimport validateUser from '../middlewares/usersvalidation';\r\nimport validateLogin from '../middlewares/loginValidation';\r\nconst { addUser, loginUser } = userscontroller;\r\n\r\nconst router = express.Router();\r\n\r\nrouter.post('/auth/signup',validateUser,addUser );\r\nrouter.post('/auth/signin',validateLogin,loginUser);\r\n\r\nexport default router;\r\n"]},"_coverageSchema":"1a1c01bbd47fc00a2c39e90264f33305004495a9","hash":"13d0e8182d51fee93eac5c8898ea9453f87dc134","contentHash":"5341ead6ef1902f897f25b8a032804b07550
[...]
column":2},"end":{"line":37,"column":3}},"loc":{"start":{"line":37,"column":41},"end":{"line":49,"column":3}},"line":37},"4":{"name":"(anonymous_4)","decl":{"start":{"line":51,"column":2},"end":{"line":51,"column":3}},"loc":{"start":{"line":51,"column":34},"end":{"line":68,"column":3}},"line":51},"5":{"name":"(anonymous_5)","decl":{"start":{"line":70,"column":2},"end":{"line":70,"column":3}},"loc":{"start":{"line":70,"column":57},"end":{"line":86,"column":3}},"line":70}},"branchMap":{"0":{"loc":{"start":{"line":12,"column":46},"end":{"line":12,"column":92}},"type":"cond-expr","locations":[{"start":{"line":12,"column":70},"end":{"line":12,"column":73}},{"start":{"line":12,"column":76},"end":{"line":12,"column":92}}],"line":12},"1":{"loc":{"start":{"line":12,"column":46},"end":{"line":12,"column":67}},"type":"binary-expr","locations":[{"start":{"line":12,"column":46},"end":{"line":12,"column":49}},{"start":{"line":12,"column":53},"end":{"line":12,"column":67}}],"line":12},"2":{"loc":{"start":{"line":30,"column":6},"end":{"line":30,"column":29}},"type":"if","locations":[{"start":{"line":30,"column":6},"end":{"line":30,"column":29}},{"start":{"line":30,"column":6},"end":{"line":30,"column":29}}],"line":30},"3":{"loc":{"start":{"line":44,"column":6},"end":{"line":44,"column":29}},"type":"if","locations":[{"start":{"line":44,"column":6},"end":{"line":44,"column":29}},{"start":{"line":44,"column":6},"end":{"line":44,"column":29}}],"line":44}},"s":{"0":1,"1":1,"2":1,"3":1,"4":2,"5":1,"6":1,"7":0,"8":0,"9":0,"10":0,"11":0,"12":0,"13":0,"14":2,"15":2,"16":2,"17":1,"18":1,"19":0,"20":0,"21":0,"22":0,"23":0,"24":0,"25":0,"26":0,"27":1,"28":1},"f":{"0":2,"1":1,"2":0,"3":2,"4":0,"5":0},"b":{"0":[0,2],"1":[2,2],"2":[0,0],"3":[1,1]},"inputSourceMap":{"version":3,"sources":["users.js"],"names":["UsersServices","createUser","newUser","db","user","create","er","undefined","findUserById","id","findOne","where","findUserByEmail","username","deleteUserById","destroy","status","message","updateStudentById","password","update"],"mappings":";;;;;;;AAAA;;AACA;;;;AAEA,MAAMA,aAAN,CAAoB;AACK,eAAVC,UAAU,CAACC,OAAD,EAAU;AAC/B,QAAI;AACF,aAAO,MAAMC,gBAAGC,IAAH,CAAQC,MAAR,CAAeH,OAAf,CAAb;AACD,KAFD,CAEE,OAAOI,EAAP,EAAW;AACX,aAAOC,SAAP;AACD;AACF;;AAEwB,eAAZC,YAAY,CAACC,EAAD,EAAK;AAC5B,QAAI;AACF,YAAML,IAAI,GAAG,MAAMD,gBAAGC,IAAH,CAAQM,OAAR,CAAgB;AAAEC,QAAAA,KAAK,EAAE;AAAEF,UAAAA;AAAF;AAAT,OAAhB,CAAnB;AACA,UAAI,CAACL,IAAL,EAAW,OAAO,IAAP;AACX,aAAOA,IAAP;AACD,KAJD,CAIE,OAAOE,EAAP,EAAW;AACX,aAAOC,SAAP;AACD;AACF;;AAE2B,eAAfK,eAAe,CAACC,QAAD,EAAW;AACrC,QAAI;AACF,YAAMT,IAAI,GAAG,MAAMD,gBAAGC,IAAH,CAAQM,OAAR,CAAgB;AAAEC,QAAAA,KAAK,EAAE;AAAEE,UAAAA;AAAF;AAAT,OAAhB,CAAnB;AACA,UAAI,CAACT,IAAL,EAAW,OAAO,IAAP;AACX,aAAOA,IAAP;AACD,KAJD,CAIE,OAAOE,EAAP,EAAW;AACX,aAAOC,SAAP;AACD;AACF;;AAE0B,eAAdO,cAAc,CAACL,EAAD,EAAK;AAC9B,QAAI;AACF,YAAMN,gBAAGC,IAAH,CAAQW,OAAR,CAAgB;AAAEJ,QAAAA,KAAK,EAAE;AAAEF,UAAAA;AAAF;AAAT,OAAhB,CAAN;AACA,aAAO;AACLO,QAAAA,MAAM,EAAE,GADH;AAELC,QAAAA,OAAO,EAAE;AAFJ,OAAP;AAID,KAND,CAME,OAAOX,EAAP,EAAW;AACX,aAAO;AACLU,QAAAA,MAAM,EAAE,GADH;AAELC,QAAAA,OAAO,EAAEX;AAFJ,OAAP;AAID;AACF;;AAE6B,eAAjBY,iBAAiB,CAACT,EAAD,EAAKI,QAAL,EAAeM,QAAf,EAAyB;AACrD,QAAI;AACF,aAAO,MAAMhB,gBAAGC,IAAH,CAAQgB,MAAR,CAAe;AAAEP,QAAAA,QAAF;AAAYM,QAAAA;AAAZ,OAAf,EAAuC;AAAER,QAAAA,KAAK,EAAE;AAAEF,UAAAA;AAAF;AAAT,OAAvC,CAAb;AACD,KAFD,CAEE,OAAOH,EAAP,EAAW;AACX,aAAO;AACLU,QAAAA,MAAM,EAAE,GADH;AAELC,QAAAA,OAAO,EAAEX;AAFJ,OAAP;AAID;AACF;;AArDiB;;AAsDnB;eAEcN,a","sourceRoot":"E:\\practo_refactored\\src\\services\\","sourcesContent":["import sequelize from 'sequelize';\r\nimport db from '../db/models';\r\n\r\nclass UsersServices {\r\n  static async createUser(newUser) {\r\n    try {\r\n      return await db.user.create(newUser);\r\n    } catch (er) {\r\n      return undefined;\r\n    }\r\n  }\r\n\r\n  static async findUserById(id) {\r\n    try {\r\n      const user = await db.user.findOne({ where: { id } });\r\n      if (!user) return null;\r\n      return user;\r\n    } catch (er) {\r\n      return undefined;\r\n    }\r\n  }\r\n\r\n  static async findUserByEmail(username) {\r\n    try {\r\n      const user = await db.user.findOne({ where: { username } });\r\n      if (!user) return null;\r\n      return user;\r\n    } catch (er) {\r\n      return undefined;\r\n    }\r\n  }\r\n\r\n  static async deleteUserById(id) {\r\n    try {\r\n      await db.user.destroy({ where: { id } });\r\n      return {\r\n        status: 200,\r\n        message: \"User successfully deleted\",\r\n      };\r\n    } catch (er) {\r\n      return {\r\n        status: 500,\r\n        message: er,\r\n      };\r\n    }\r\n  }\r\n\r\n  static async updateStudentById(id, username, password) {\r\n    try {\r\n      return await db.user.update({ username, password }, { where: { id } });\r\n    } catch (er) {\r\n      return {\r\n        status: 500,\r\n        message: er,\r\n      };\r\n    }\r\n  }\r\n};\r\n\r\nexport default UsersServices;\r\n"]},"_coverageSchema":"1a1c01bbd47fc00a2c39e90264f33305004495a9","hash":"206685a5509ec7f900feb2b1477c1de9c5d73d46","contentHash":"c28abd90764b20e79f25236250d82950580257ac17fcb64e7511aaf8cd4e1ff0"},"E:\\practo_refactored\\src\\helpers\\tokengen.js":{"path":"E:\\practo_refactored\\src\\helpers\\tokengen.js","statementMap":{"0":{"start":{"line":3,"column":0},"end":{"line":5,"column":3}},"1":{"start":{"line":6,"column":0},"end":{"line":6,"column":25}},"2":{"start":{"line":8,"column":20},"end":{"line":8,"column":67}},"3":{"start":{"line":10,"column":39},"end":{"line":10,"column":93}},"4":{"start":{"line":12,"column":22},"end":{"line":20,"column":1}},"5":{"start":{"line":13,"column":16},"end":{"line":17,"column":4}},"6":{"start":{"line":19,"column":2},"end":{"line":19,"column":15}},"7":{"start":{"line":22,"column":15},"end":{"line":22,"column":28}},"8":{"start":{"line":23,"column":0},"end":{"line":23,"column":27}}},"fnMap":{"0":{"name":"_interopRequireDefault","decl":{"start":{"line":10,"column":9},"end":{"line":10,"column":31}},"loc":{"start":{"line":10,"column":37},"end":{"line":10,"column":95}},"line":10},"1":{"name":"(anonymous_1)","decl":{"start":{"line":12,"column":22},"end":{"line":12,"column":23}},"loc":{"start":{"line":12,"column":33},"end":{"line":20,"column":1}},"line":12}},"branchMap":{"0":{"loc":{"start":{"line":10,"column":46},"end":{"line":10,"column":92}},"type":"cond-expr","locations":[{"start":{"line":10,"column":70},"end":{"line":10,"column":73}},{"start":{"line":10,"column":76},"end":{"line":10,"column":92}}],"line":10},"1":{"loc":{"start":{"line":10,"column":46},"end":{"line":10,"column":67}},"type":"binary-expr","locations":[{"start":{"line":10,"column":46},"end":{"line":10,"column":49}},{"start":{"line":10,"column":53},"end":{"line":10,"column":67}}],"line":10}},"s":{"0":1,"1":1,"2":1,"3":1,"4":1,"5":1,"6":1,"7":1,"8":1},"f":{"0":1,"1":1},"b":{"0":[0,1],"1":[1,1]},"inputSourceMap":{"version":3,"sources":["tokengen.js"],"names":["generateToken","payload","token","jwt","sign","process","env","JWT","expiresIn"],"mappings":";;;;;;;AAAA;;;;AAEC,MAAMA,aAAa,GAAIC,OAAD,IAAY;AAC/B,QAAMC,KAAK,GAAGC,sBAAIC,IAAJ,CACb;AAACH,IAAAA;AAAD,GADa,EACFI,OAAO,CAACC,GAAR,CAAYC,GADV,EACc;AAACC,IAAAA,SAAS,EAAC;AAAX,GADd,CAAd;;AAEA,SAAON,KAAP;AACH,CAJA;;eAMcF,a","sourceRoot":"E:\\practo_refactored\\src\\helpers\\","sourcesContent":["import jwt from 'jsonwebtoken';\r\n\r\n const generateToken = (payload) =>{\r\n    const token = jwt.sign\r\n    ({payload,},process.env.JWT,{expiresIn:'1d'});\r\n    return token;\r\n}\r\n\r\nexport default generateToken;"]},"_coverageSchema":"1a1c01bbd47fc00a2c39e90264f33305004495a9","hash":"49c60ba400af89c147055227179cec00d01c99b4","contentHash":"8e0ec1bb4e0b74a711e499c4223298a5a07dab9a062a417b0a3e8ada1c57847c"},"E:\\practo_refactored\\src\\helpers\\encryptor.js":{"path":"E:\\practo_refactored\\src\\helpers\\encryptor.js","statementMap":{"0":{"start":{"line":3,"column":0},"end":{"line":5,"column":3}},"1":{"start":{"line":6,"column":0},"end":{"line":6,"column":25}},"2":{"start":{"line":8,"column":14},"end":{"line":8,"column":55}},"3":{"start":{"line":10,"column":39},"end":{"line":10,"column":93}},"4":{"start":{"line":12,"column":24},"end":{"line":15,"column":1}},"5":{"start":{"line":13,"column":21},"end":{"line":13,"column":23}},"6":{"start":{"line":14,"column":2},"end":{"line":14,"column":52}},"7":{"start":{"line":17,"column":15},"end":{"line":17,"column":30}},"8":{"start":{"line":18,"column":0},"end":{"line":18,"column":27}}},"fnMap":{"0":{"name":"_interopRequireDefault","decl":{"start":{"line":10,"column":9},"end":{"line":10,"column":31}},"loc":{"start":{"line":10,"column":37},"end":{"line":10,"column":95}},"line":10},"1":{"name":"(anonymous_1)","decl":{"start":{"line":12,"column":24},"end":{"line":12,"column":25}},"loc":{"start":{"line":12,"column":36},"end":{"line":15,"column":1}},"line":12}},"branchMap":{"0":{"loc":{"start":{"line":10,"column":46},"end":{"line":10,"column":92}},"type":"cond-expr","locations":[{"start":{"line":10,"column":70},"end":{"line":10,"column":73}},{"start":{"line":10,"column":76},"end":{"line":10,"column":92}}],"line":10},"1":{"loc":{"start":{"line":10,"column":46},"end":{"line":10,"column":67}},"type":"binary-expr","locations":[{"start":{"line":10,"column":46},"end":{"line":10,"column":49}},{"start":{"line":10,"column":53},"end":{"line":10,"column":67}}],"line":10}},"s":{"0":1,"1":1,"2":1,"3":1,"4":1,"5":1,"6":1,"7":1,"8":1},"f":{"0":1,"1":1},"b":{"0":[0,1],"1":[1,1]},"inputSourceMap":{"version":3,"sources":["encryptor.js"],"names":["encryptPassword","password","saltRounds","bcrypt","hash"],"mappings":";;;;;;;AAAA;;;;AAGA,MAAMA,eAAe,GAAEC,QAAD,IAAa;AACnC,QAAMC,UAAU,GAAG,EAAnB;AACA,SAAOC,gBAAOC,IAAP,CAAYH,QAAZ,EAAqBC,UAArB,CAAP;AACC,CAHD;;eAKeF,e","sourceRoot":"E:\\practo_refactored\\src\\helpers\\","sourcesContent":["import bcrypt from 'bcrypt';\r\n\r\n\r\nconst encryptPassword=(password) =>{\r\nconst saltRounds = 10;\r\nreturn bcrypt.hash(password,saltRounds);\r\n};\r\n\r\nexport default encryptPassword;"]},"_coverageSchema":"1a1c01bbd47fc00a2c39e90264f33305004495a9","hash":"f4c3a1be7585cdcbc83d3086ce6502e0aa503035","contentHash":"7fe36e8f21552f4ab84f7a79bc0d972a0c7150b6aca50a2e34ff8f24feb61cae"},"E:\\practo_refactored\\src\\helpers\\decryptor.js":{"path":"E:\\practo_refactored\\src\\helpers\\decryptor.js","statementMap":{"0":{"start":{"line":3,"column":0},"end":{"line":5,"column":3}},"1":{"start":{"line":6,"column":0},"end":{"line":6,"column":25}},"2":{"start":{"line":8,"column":14},"end":{"line":8,"column":55}},"3":{"start":{"line":10,"column":39},"end":{"line":10,"column":93}},"4":{"start":{"line":12,"column":26},"end":{"line":14,"column":1}},"5":{"start":{"line":13,"column":2},"end":{"line":13,"column":59}},"6":{"start":{"line":16,"column":15},"end":{"line":16,"column":32}},"7":{"start":{"line":17,"column":0},"end":{"line":17,"column":27}}},"fnMap":{"0":{"name":"_interopRequireDefault","decl":{"start":{"line":10,"column":9},"end":{"line":10,"column":31}},"loc":{"start":{"line":10,"column":37},"end":{"line":10,"column":95}},"line":10},"1":{"name":"(anonymous_1)","decl":{"start":{"line":12,"column":26},"end":{"line":12,"column":27}},"loc":{"start":{"line":12,"column":56},"end":{"line":14,"column":1}},"line":12}},"branchMap":{"0":{"loc":{"start":{"line":10,"column":46},"end":{"line":10,"column":92}},"type":"cond-expr","locations":[{"start":{"line":10,"column":70},"end":{"line":10,"column":73}},{"start":{"line":10,"column":76},"end":{"line":10,"column":92}}],"line":10},"1":{"loc":{"start":{"line":10,"column":46},"end":{"line":10,"column":67}},"type":"binary-expr","locations":[{"start":{"line":10,"column":46},"end":{"line":10,"column":49}},{"start":{"line":10,"column":53},"end":{"line":10,"column":67}}],"line":10}},"s":{"0":1,"1":1,"2":1,"3":1,"4":1,"5":0,"6":1,"7":1},"f":{"0":1,"1":0},"b":{"0":[0,1],"1":[1,1]},"inputSourceMap":{"version":3,"sources":["decryptor.js"],"names":["passwordDecryptor","password","hashedPassword","bcrypt","compare"],"mappings":";;;;;;;AAAA;;;;AAEA,MAAMA,iBAAiB,GAAG,CAACC,QAAD,EAAUC,cAAV,KAA4B;AAClD,SAAOC,gBAAOC,OAAP,CAAeH,QAAf,EAAwBC,cAAxB,CAAP;AAEH,CAHD;;eAKeF,iB","sourceRoot":"E:\\practo_refactored\\src\\helpers\\","sourcesContent":["import bcrypt from 'bcrypt';\r\n\r\nconst passwordDecryptor = (password,hashedPassword) =>{\r\n    return bcrypt.compare(password,hashedPassword);\r\n\r\n};\r\n\r\nexport default passwordDecryptor;"]},"_coverageSchema":"1a1c01bbd47fc00a2c39e90264f33305004495a9","hash":"374bd0ec349f300e7c634dbc3c99e1af63d2d807","contentHash":"31b8b058b858f800a0a6957db14645c7f1313e3d540372cceb79c4aefa2a1cd7"},"E:\\practo_refactored\\src\\middlewares\\loginValidation.js":{"path":"E:\\practo_refactored\\src\\middlewares\\loginValidation.js","statementMap":{"0":{"start":{"line":3,"column":0},"end":{"line":5,"column":3}},"1":{"start":{"line":6,"column":0},"end":{"line":6,"column":25}},"2":{"start":{"line":8,"column":11},"end":{"line":8,"column":49}},"3":{"start":{"line":10,"column":16},"end":{"line":10,"column":70}},"4":{"start":{"line":12,"column":39},"end":{"line":12,"column":93}},"5":{"start":{"line":15,"column":17},"end":{"line":18,"column":3}},"6":{"start":{"line":22,"column":6},"end":{"line":22,"column":45}},"7":{"start":{"line":24,"column":2},"end":{"line":24,"column":103}},"8":{"start":{"line":24,"column":13},"end":{"line":24,"column":103}},"9":{"start":{"line":25,"column":2},"end":{"line":25,"column":9}},"10":{"start":{"line":29,"column":15},"end":{"line":29,"column":28}},"11":{"start":{"line":30,"column":0},"end":{"line":30,"column":27}}},"fnMap":{"0":{"name":"_interopRequireDefault","decl":{"start":{"line":12,"column":9},"end":{"line":12,"column":31}},"loc":{"start":{"line":12,"column":37},"end":{"line":12,"column":95}},"line":12},"1":{"name":"validateLogin","decl":{"start":{"line":14,"column":9},"end":{"line":14,"column":22}},"loc":{"start":{"line":14,"column":39},"end":{"line":26,"column":1}},"line":14}},"branchMap":{"0":{"loc":{"start":{"line":12,"column":46},"end":{"line":12,"column":92}},"type":"cond-expr","locations":[{"start":{"line":12,"column":70},"end":{"line":12,"column":73}},{"start":{"line":12,"column":76},"end":{"line":12,"column":92}}],"line":12},"1":{"loc":{"start":{"line":12,"column":46},"end":{"line":12,"column":67}},"type":"binary-expr","locations":[{"start":{"line":12,"column":46},"end":{"line":12,"column":49}},{"start":{"line":12,"column":53},"end":{"line":12,"column":67}}],"line":12},"2":{"loc":{"start":{"line":24,"column":2},"end":{"line":24,"column":103}},"type":"if","locations":[{"start":{"line":24,"column":2},"end":{"line":24,"column":103}},{"start":{"line":24,"column":2},"end":{"line":24,"column":103}}],"line":24}},"s":{"0":1,"1":1,"2":1,"3":1,"4":2,"5":0,"6":0,"7":0,"8":0,"9":0,"10":1,"11":1},"f":{"0":2,"1":0},"b":{"0":[0,2],"1":[2,2],"2":[0,0]},"inputSourceMap":{"version":3,"sources":["loginValidation.js"],"names":["validateLogin","req","res","next","schema","username","Joi","string","required","email","password","min","error","validate","body","response","details","message"],"mappings":";;;;;;;AAAA;;AACA;;;;AAEA,SAASA,aAAT,CAAuBC,GAAvB,EAA2BC,GAA3B,EAA+BC,IAA/B,EAAoC;AAC/B,QAAMC,MAAM,GAAG;AACZC,IAAAA,QAAQ,EAAEC,aAAIC,MAAJ,GAAaC,QAAb,GAAwBC,KAAxB,EADE;AAEZC,IAAAA,QAAQ,EAAEJ,aAAIC,MAAJ,GAAaC,QAAb,GAAwBG,GAAxB,CAA4B,CAA5B;AAFE,GAAf,CAD+B,CAKhC;;AAEA,QAAM;AAACC,IAAAA;AAAD,MAAUN,aAAIO,QAAJ,CAAaZ,GAAG,CAACa,IAAjB,EAAsBV,MAAtB,CAAhB;;AACA,MAAIQ,KAAJ,EAAW,OAAOG,kBAASA,QAAT,CAAkBb,GAAlB,EAAsB,GAAtB,EAA0B,OAA1B,EAAmC,GAAEU,KAAK,CAACI,OAAN,CAAc,CAAd,EAAiBC,OAAQ,EAA9D,EAAgE,IAAhE,CAAP;AACXd,EAAAA,IAAI;AAEH;;AAAA;eACUH,a","sourceRoot":"E:\\practo_refactored\\src\\middlewares\\","sourcesContent":["import Joi from 'joi';\r\nimport response from '../helpers/response';\r\n\r\nfunction validateLogin(req,res,next){\r\n     const schema = {\r\n        username: Joi.string().required().email(),\r\n        password: Joi.string().required().min(5),\r\n    };\r\n    //return Joi.validate(user, schema);\r\n    \r\n    const {error} = Joi.validate(req.body,schema);\r\n    if (error) return response.response(res,422,'error',`${error.details[0].message}`,true);\r\n    next();\r\n\r\n    };\r\nexport default validateLogin;"]},"_coverageSchema":"1a1c01bbd47fc00a2c39e90264f33305004495a9","hash":"05388b6212c10d8a38317b5d8b88ed5d0b630016","contentHash":"aaa7054cc6d0f75bf2c918d7222d7ac36a17ce1f50ce6777b5c3c7d73627f975"},"E:\\practo_refactored\\src\\middlewares\\logger.js":{"path":"E:\\practo_refactored\\src\\middlewares\\logger.js","statementMap":{"0":{"start":{"line":3,"column":0},"end":{"line":5,"column":3}},"1":{"start":{"line":6,"column":0},"end":{"line":6,"column":25}},"2":{"start":{"line":9,"column":2},"end":{"line":9,"column":29}},"3":{"start":{"line":10,"column":2},"end":{"line":10,"column":9}},"4":{"start":{"line":13,"column":15},"end":{"line":13,"column":18}},"5":{"start":{"line":14,"column":0},"end":{"line":14,"column":27}}},"fnMap":{"0":{"name":"log","decl":{"start":{"line":8,"column":9},"end":{"line":8,"column":12}},"loc":{"start":{"line":8,"column":29},"end":{"line":11,"column":1}},"line":8}},"branchMap":{},"s":{"0":1,"1":1,"2":0,"3":0,"4":1,"5":1},"f":{"0":0},"b":{},"inputSourceMap":{"version":3,"sources":["logger.js"],"names":["log","req","res","next","console"],"mappings":";;;;;;;AAAA,SAASA,GAAT,CAAcC,GAAd,EAAkBC,GAAlB,EAAsBC,IAAtB,EAA2B;AACvBC,EAAAA,OAAO,CAACJ,GAAR,CAAY,aAAZ;AACAG,EAAAA,IAAI;AACP;;eAEcH,G","sourceRoot":"E:\\practo_refactored\\src\\middlewares\\","sourcesContent":["function log (req,res,next){\r\n    console.log('logging....');\r\n    next();\r\n}\r\n\r\nexport default log;"]},"_coverageSchema":"1a1c01bbd47fc00a2c39e90264f33305004495a9","hash":"0f41b096108887b630198a7c906ae1d10c364575","contentHash":"d6c71d1fe7c7656e694de7e145c3eea4976b4d0f55f467715850305699915197"},"E:\\practo_refactored\\src\\test\\mockData.js":{"path":"E:\\practo_refactored\\src\\test\\mockData.js","statementMap":{"0":{"start":{"line":3,"column":0},"end":{"line":5,"column":3}},"1":{"start":{"line":6,"column":0},"end":{"line":6,"column":25}},"2":{"start":{"line":7,"column":17},"end":{"line":32,"column":1}},"3":{"start":{"line":33,"column":15},"end":{"line":33,"column":23}},"4":{"start":{"line":34,"column":0},"end":{"line":34,"column":27}}},"fnMap":{},"branchMap":{},"s":{"0":1,"1":1,"2":1,"3":1,"4":1},"f":{},"b":{},"inputSourceMap":{"version":3,"sources":["mockData.js"],"names":["mockData","userComplete","username","password","userNoUsername","userNoPassword","userAlreadyExist","userInvalidUsername","userInvalidPassword"],"mappings":";;;;;;AAAA,MAAMA,QAAQ,GAAG;AACbC,EAAAA,YAAY,EAAC;AACTC,IAAAA,QAAQ,EAAC,sBADA;AAETC,IAAAA,QAAQ,EAAC;AAFA,GADA;AAKbC,EAAAA,cAAc,EAAC;AACXF,IAAAA,QAAQ,EAAC,EADE;AAEXC,IAAAA,QAAQ,EAAC;AAFE,GALF;AASbE,EAAAA,cAAc,EAAC;AACXH,IAAAA,QAAQ,EAAC,mBADE;AAEXC,IAAAA,QAAQ,EAAC;AAFE,GATF;AAabG,EAAAA,gBAAgB,EAAC;AACbJ,IAAAA,QAAQ,EAAC,kBADI;AAEbC,IAAAA,QAAQ,EAAC;AAFI,GAbJ;AAiBbI,EAAAA,mBAAmB,EAAC;AAChBL,IAAAA,QAAQ,EAAC,QADO;AAEhBC,IAAAA,QAAQ,EAAC;AAFO,GAjBP;AAqBbK,EAAAA,mBAAmB,EAAC;AAChBN,IAAAA,QAAQ,EAAC,oBADO;AAEhBC,IAAAA,QAAQ,EAAC;AAFO;AArBP,CAAjB;eA2BeH,Q","sourceRoot":"E:\\practo_refactored\\src\\test\\","sourcesContent":["const mockData = {\r\n    userComplete:{\r\n        username:'niyonsenga@gmail.com',\r\n        password:'18700000',\r\n    },\r\n    userNoUsername:{\r\n        username:'',\r\n        password:'1870000',\r\n    },\r\n    userNoPassword:{\r\n        username:'manisha@gmail.com',\r\n        password:'',\r\n    },\r\n    userAlreadyExist:{\r\n        username:'hugues@gmail.com',\r\n        password:'18700',\r\n    },\r\n    userInvalidUsername:{\r\n        username:'hugues',\r\n        password:'187000',\r\n    },\r\n    userInvalidPassword:{\r\n        username:'emmanuel@gmail.com',\r\n        password:'12',\r\n    },\r\n};\r\n\r\nexport default mockData;"]},"_coverageSchema":"1a1c01bbd47fc00a2c39e90264f33305004495a9","hash":"1209f772f2c92c143a649c103c3168edcd1251db","contentHash":"ae01f4ac3d337910a8b858f2600aacf0f35c4b1569b5f7469e554fcd7d3ec511"}}